[Info  - 11:00:02 AM] Initialising intelephense 1.9.5
[Info  - 11:00:02 AM] Reading state from /home/weiwei/.vscode-server/data/User/workspaceStorage/da3404f4862fbe30c4202d77e0f7f5e8/bmewburn.vscode-intelephense-client/60badfe8.
[Info  - 11:00:03 AM] Initialised in 843 ms
[Info  - 11:00:03 AM] Searching file:///home/weiwei/.vscode-server/extensions/bmewburn.vscode-intelephense-client-1.9.5/node_modules/intelephense/lib/stub for files to index.
[Info  - 11:00:03 AM] Searching file:///home/weiwei/litenotes for files to index.
[Warn  - 11:00:03 AM] file:///home/weiwei/litenotes/vendor/fakerphp/faker/src/Faker/Provider/nl_BE/Text.php is over the maximum file size of 1000000 bytes.
[Info  - 11:00:03 AM] Indexing started.
[Info  - 11:00:03 AM] Indexing ended. 18 files indexed in 0s.
[Info  - 11:00:03 AM] Writing state to /home/weiwei/.vscode-server/data/User/workspaceStorage/da3404f4862fbe30c4202d77e0f7f5e8/bmewburn.vscode-intelephense-client/60badfe8.
[Info  - 11:00:04 AM] Wrote state in 0.8s.
[Info  - 11:12:54 AM] Indexing started.
[Info  - 11:12:54 AM] Indexing ended. 1 files indexed in 0s.
[Info  - 11:12:55 AM] Indexing started.
[Info  - 11:12:55 AM] Indexing ended. 1 files indexed in 0s.
[Info  - 11:15:59 AM] Indexing started.
[Info  - 11:15:59 AM] Indexing ended. 1 files indexed in 0s.
[Info  - 11:16:01 AM] Indexing started.
[Info  - 11:16:01 AM] Indexing ended. 1 files indexed in 0s.
[Info  - 11:16:30 AM] Indexing started.
[Info  - 11:16:31 AM] Indexing ended. 1 files indexed in 0s.
[Info  - 11:16:35 AM] Indexing started.
[Info  - 11:16:35 AM] Indexing ended. 1 files indexed in 0s.
[Info  - 11:16:40 AM] Indexing started.
[Info  - 11:16:40 AM] Indexing ended. 1 files indexed in 0s.
[Info  - 11:16:44 AM] Indexing started.
[Info  - 11:16:44 AM] Indexing ended. 1 files indexed in 0s.
[Info  - 11:17:05 AM] Indexing started.
[Info  - 11:17:05 AM] Indexing ended. 1 files indexed in 0s.
[Info  - 11:17:08 AM] Indexing started.
[Info  - 11:17:08 AM] Indexing ended. 1 files indexed in 0s.
[Info  - 11:17:16 AM] Indexing started.
[Info  - 11:17:16 AM] Indexing ended. 1 files indexed in 0s.
[Info  - 11:17:19 AM] Indexing started.
[Info  - 11:17:19 AM] Indexing ended. 1 files indexed in 0s.
[Info  - 11:17:27 AM] Indexing started.
[Info  - 11:17:28 AM] Indexing ended. 1 files indexed in 0s.
[Info  - 11:17:52 AM] Indexing started.
[Info  - 11:17:52 AM] Indexing ended. 1 files indexed in 0s.
[Info  - 11:17:54 AM] Indexing started.
[Info  - 11:17:54 AM] Indexing ended. 1 files indexed in 0s.
[Info  - 11:18:29 AM] Indexing started.
[Info  - 11:18:29 AM] Indexing ended. 1 files indexed in 0s.
[Info  - 11:18:32 AM] Indexing started.
[Info  - 11:18:32 AM] Indexing ended. 1 files indexed in 0s.
[Info  - 11:18:36 AM] Indexing started.
[Info  - 11:18:36 AM] Indexing ended. 1 files indexed in 0s.
[Info  - 11:18:38 AM] Indexing started.
[Info  - 11:18:39 AM] Indexing ended. 1 files indexed in 0s.
[Info  - 11:18:41 AM] Indexing started.
[Info  - 11:18:41 AM] Indexing ended. 1 files indexed in 0s.
[Info  - 11:18:43 AM] Indexing started.
[Info  - 11:18:43 AM] Indexing ended. 1 files indexed in 0s.
[Info  - 11:18:46 AM] Indexing started.
[Info  - 11:18:46 AM] Indexing ended. 1 files indexed in 0s.
[Info  - 11:20:11 AM] Indexing started.
[Info  - 11:20:11 AM] Indexing ended. 1 files indexed in 0s.
[Info  - 11:20:20 AM] Indexing started.
[Info  - 11:20:20 AM] Indexing ended. 1 files indexed in 0s.
[Info  - 11:21:03 AM] Indexing started.
[Info  - 11:21:04 AM] Indexing ended. 2 files indexed in 0s.
[Info  - 11:23:22 AM] Indexing started.
[Info  - 11:23:22 AM] Indexing ended. 2 files indexed in 0s.
[Info  - 11:23:24 AM] Indexing started.
[Info  - 11:23:24 AM] Indexing ended. 2 files indexed in 0s.
[Info  - 11:23:25 AM] Indexing started.
[Info  - 11:23:25 AM] Indexing ended. 2 files indexed in 0s.
[Info  - 11:23:33 AM] Indexing started.
[Info  - 11:23:33 AM] Indexing ended. 1 files indexed in 0s.
[Info  - 11:24:14 AM] Indexing started.
[Info  - 11:24:14 AM] Indexing ended. 2 files indexed in 0s.
[Info  - 11:38:10 AM] Indexing started.
[Info  - 11:38:10 AM] Indexing ended. 1 files indexed in 0s.
[Info  - 11:38:17 AM] Indexing started.
[Info  - 11:38:17 AM] Indexing ended. 1 files indexed in 0s.
[Info  - 11:38:59 AM] Indexing started.
[Info  - 11:38:59 AM] Indexing ended. 1 files indexed in 0s.
[Info  - 11:39:26 AM] Indexing started.
[Info  - 11:39:26 AM] Indexing ended. 1 files indexed in 0s.
[Info  - 11:39:35 AM] Indexing started.
[Info  - 11:39:35 AM] Indexing ended. 1 files indexed in 0s.
[Info  - 11:40:14 AM] Indexing started.
[Info  - 11:40:15 AM] Indexing ended. 1 files indexed in 0s.
[Info  - 11:40:20 AM] Indexing started.
[Info  - 11:40:20 AM] Indexing ended. 1 files indexed in 0s.
[Info  - 11:41:10 AM] Indexing started.
[Info  - 11:41:10 AM] Indexing ended. 1 files indexed in 0s.
[Info  - 11:41:15 AM] Indexing started.
[Info  - 11:41:15 AM] Indexing ended. 1 files indexed in 0s.
[Info  - 11:41:28 AM] Indexing started.
[Info  - 11:41:28 AM] Indexing ended. 1 files indexed in 0s.
[Info  - 11:41:49 AM] Indexing started.
[Info  - 11:41:49 AM] Indexing ended. 1 files indexed in 0s.
[Info  - 11:41:51 AM] Indexing started.
[Info  - 11:41:51 AM] Indexing ended. 1 files indexed in 0s.
[Info  - 11:41:57 AM] Indexing started.
[Info  - 11:41:57 AM] Indexing ended. 1 files indexed in 0s.
[Info  - 11:42:00 AM] Indexing started.
[Info  - 11:42:00 AM] Indexing ended. 1 files indexed in 0s.
[Info  - 11:42:03 AM] Indexing started.
[Info  - 11:42:03 AM] Indexing ended. 1 files indexed in 0s.
[Info  - 11:42:06 AM] Indexing started.
[Info  - 11:42:06 AM] Indexing ended. 1 files indexed in 0s.
[Info  - 11:42:08 AM] Indexing started.
[Info  - 11:42:09 AM] Indexing ended. 1 files indexed in 0s.
[Info  - 11:42:35 AM] Indexing started.
[Info  - 11:42:35 AM] Indexing ended. 1 files indexed in 0s.
[Info  - 11:42:38 AM] Indexing started.
[Info  - 11:42:39 AM] Indexing ended. 1 files indexed in 0s.
[Info  - 11:43:26 AM] Indexing started.
[Info  - 11:43:26 AM] Indexing ended. 1 files indexed in 0s.
[Info  - 11:44:09 AM] Indexing started.
[Info  - 11:44:10 AM] Indexing ended. 1 files indexed in 0s.
[Info  - 11:48:12 AM] Indexing started.
[Info  - 11:48:12 AM] Indexing ended. 1 files indexed in 0s.
[Info  - 11:48:18 AM] Indexing started.
[Info  - 11:48:18 AM] Indexing ended. 1 files indexed in 0s.
[Info  - 11:48:21 AM] Indexing started.
[Info  - 11:48:21 AM] Indexing ended. 1 files indexed in 0s.
[Info  - 11:48:27 AM] Indexing started.
[Info  - 11:48:27 AM] Indexing ended. 1 files indexed in 0s.
[Info  - 11:48:28 AM] Indexing started.
[Info  - 11:48:28 AM] Indexing ended. 1 files indexed in 0s.
[Info  - 11:48:30 AM] Indexing started.
[Info  - 11:48:31 AM] Indexing ended. 1 files indexed in 0s.
[Info  - 11:48:35 AM] Indexing started.
[Info  - 11:48:35 AM] Indexing ended. 1 files indexed in 0s.
[Info  - 11:48:36 AM] Indexing started.
[Info  - 11:48:36 AM] Indexing ended. 1 files indexed in 0s.
[Info  - 11:48:40 AM] Indexing started.
[Info  - 11:48:40 AM] Indexing ended. 1 files indexed in 0s.
[Info  - 11:48:51 AM] Indexing started.
[Info  - 11:48:51 AM] Indexing ended. 1 files indexed in 0s.
[Info  - 11:48:58 AM] Indexing started.
[Info  - 11:48:58 AM] Indexing ended. 1 files indexed in 0s.
[Info  - 11:49:03 AM] Indexing started.
[Info  - 11:49:03 AM] Indexing ended. 1 files indexed in 0s.
[Info  - 11:49:05 AM] Indexing started.
[Info  - 11:49:05 AM] Indexing ended. 1 files indexed in 0s.
[Info  - 11:52:09 AM] Indexing started.
[Info  - 11:52:10 AM] Indexing ended. 1 files indexed in 0s.
[Info  - 11:58:12 AM] Indexing started.
[Info  - 11:58:12 AM] Indexing ended. 1 files indexed in 0s.
[Info  - 11:58:17 AM] Indexing started.
[Info  - 11:58:17 AM] Indexing ended. 1 files indexed in 0s.
[Info  - 4:05:49 PM] Indexing started.
[Info  - 4:05:49 PM] Indexing ended. 1 files indexed in 0s.
[Info  - 4:05:52 PM] Indexing started.
[Info  - 4:05:53 PM] Indexing ended. 1 files indexed in 0s.
[Info  - 4:21:52 PM] Indexing started.
[Info  - 4:21:52 PM] Indexing ended. 1 files indexed in 0s.
[Info  - 4:21:53 PM] Indexing started.
[Info  - 4:21:53 PM] Indexing ended. 1 files indexed in 0s.
[Info  - 4:21:59 PM] Indexing started.
[Info  - 4:22:00 PM] Indexing ended. 1 files indexed in 0s.
[Info  - 4:22:03 PM] Indexing started.
[Info  - 4:22:03 PM] Indexing ended. 1 files indexed in 0s.
[Info  - 4:22:11 PM] Indexing started.
[Info  - 4:22:11 PM] Indexing ended. 1 files indexed in 0s.
[Info  - 4:22:12 PM] Indexing started.
[Info  - 4:22:12 PM] Indexing ended. 1 files indexed in 0s.
[Info  - 4:22:16 PM] Indexing started.
[Info  - 4:22:17 PM] Indexing ended. 1 files indexed in 0s.
[Info  - 4:22:19 PM] Indexing started.
[Info  - 4:22:20 PM] Indexing ended. 1 files indexed in 0s.
[Info  - 4:22:30 PM] Indexing started.
[Info  - 4:22:30 PM] Indexing ended. 1 files indexed in 0s.
[Info  - 4:23:10 PM] Indexing started.
[Info  - 4:23:10 PM] Indexing ended. 1 files indexed in 0s.
[Info  - 4:23:14 PM] Indexing started.
[Info  - 4:23:14 PM] Indexing ended. 1 files indexed in 0s.
[Info  - 4:23:16 PM] Indexing started.
[Info  - 4:23:17 PM] Indexing ended. 1 files indexed in 0s.
[Info  - 4:24:30 PM] Indexing started.
[Info  - 4:24:30 PM] Indexing ended. 3 files indexed in 0s.
[Info  - 4:24:34 PM] Indexing started.
[Info  - 4:24:35 PM] Indexing ended. 2 files indexed in 0s.
[Info  - 4:24:37 PM] Indexing started.
[Info  - 4:24:37 PM] Indexing ended. 1 files indexed in 0s.
[Info  - 4:24:56 PM] Indexing started.
[Info  - 4:24:56 PM] Indexing ended. 1 files indexed in 0s.
[Info  - 4:25:06 PM] Indexing started.
[Info  - 4:25:07 PM] Indexing ended. 2 files indexed in 0s.
[Info  - 4:25:12 PM] Indexing started.
[Info  - 4:25:12 PM] Indexing ended. 1 files indexed in 0s.
