[2023-02-07 16:18:39.973] [exthost] [info] Extension host with pid 1053 started
[2023-02-07 16:18:39.984] [exthost] [error] Error: EEXIST: file already exists, open '/home/weiwei/.vscode-server/data/User/workspaceStorage/49c464b336ab42cf011bd81fa274147f/vscode.lock'
[2023-02-07 16:18:39.999] [exthost] [info] Lock '/home/weiwei/.vscode-server/data/User/workspaceStorage/49c464b336ab42cf011bd81fa274147f/vscode.lock': Could not acquire lock, checking if the file is stale.
[2023-02-07 16:18:40.007] [exthost] [info] Lock '/home/weiwei/.vscode-server/data/User/workspaceStorage/49c464b336ab42cf011bd81fa274147f/vscode.lock': The pid 200 appears to be gone.
[2023-02-07 16:18:40.007] [exthost] [info] Lock '/home/weiwei/.vscode-server/data/User/workspaceStorage/49c464b336ab42cf011bd81fa274147f/vscode.lock': Deleting a stale lock.
[2023-02-07 16:18:40.146] [exthost] [info] Lock '/home/weiwei/.vscode-server/data/User/workspaceStorage/49c464b336ab42cf011bd81fa274147f/vscode.lock': Lock acquired.
[2023-02-07 16:18:40.283] [exthost] [info] ExtensionService#_doActivateExtension vscode.debug-auto-launch, startup: true, activationEvent: '*'
[2023-02-07 16:18:40.286] [exthost] [info] ExtensionService#_doActivateExtension vscode.git-base, startup: true, activationEvent: '*', root cause: vscode.git
[2023-02-07 16:18:40.287] [exthost] [info] ExtensionService#_doActivateExtension vscode.ipynb, startup: true, activationEvent: '*'
[2023-02-07 16:18:40.832] [exthost] [info] ExtensionService#_doActivateExtension vscode.git, startup: true, activationEvent: '*'
[2023-02-07 16:18:40.832] [exthost] [info] ExtensionService#_doActivateExtension vscode.github, startup: true, activationEvent: '*'
[2023-02-07 16:18:41.448] [exthost] [info] ExtensionService#_doActivateExtension vscode.emmet, startup: false, activationEvent: 'onStartupFinished'
[2023-02-07 16:18:41.449] [exthost] [info] ExtensionService#_doActivateExtension vscode.merge-conflict, startup: false, activationEvent: 'onStartupFinished'
[2023-02-07 16:18:41.449] [exthost] [info] Eager extensions activated
[2023-02-07 16:44:56.817] [exthost] [info] ExtensionService#_doActivateExtension onecentlin.laravel-blade, startup: false, activationEvent: 'onLanguage:blade'
[2023-02-07 16:44:56.818] [exthost] [info] ExtensionService#_doActivateExtension shufo.vscode-blade-formatter, startup: false, activationEvent: 'onLanguage:blade'
[2023-02-07 16:46:47.797] [exthost] [info] ExtensionService#_doActivateExtension vscode.php-language-features, startup: false, activationEvent: 'onLanguage:php'
[2023-02-07 16:46:47.798] [exthost] [info] ExtensionService#_doActivateExtension bmewburn.vscode-intelephense-client, startup: false, activationEvent: 'onLanguage:php'
[2023-02-07 16:46:47.798] [exthost] [info] ExtensionService#_doActivateExtension MehediDracula.php-namespace-resolver, startup: false, activationEvent: 'onLanguage:php'
[2023-02-07 16:52:00.517] [exthost] [info] ExtensionService#_doActivateExtension vscode.typescript-language-features, startup: false, activationEvent: 'onLanguage:javascriptreact'
[2023-02-07 16:54:34.509] [exthost] [info] ExtensionService#_doActivateExtension vscode.configuration-editing, startup: false, activationEvent: 'onLanguage:jsonc'
[2023-02-07 16:54:34.509] [exthost] [info] ExtensionService#_doActivateExtension vscode.json-language-features, startup: false, activationEvent: 'onLanguage:jsonc'
[2023-02-07 18:46:40.515] [exthost] [info] ExtensionService#_doActivateExtension vscode.extension-editing, startup: false, activationEvent: 'onLanguage:json'
[2023-02-07 18:46:40.516] [exthost] [info] ExtensionService#_doActivateExtension vscode.npm, startup: false, activationEvent: 'onLanguage:json'
