[2023-02-22T19:20:14.357Z] Log level: Info
[2023-02-22T19:20:14.395Z] [info] Validating found git in: git
[2023-02-22T19:20:14.606Z] [info] Using git 2.34.1 from git
[2023-02-22T19:20:14.717Z] > git rev-parse --show-toplevel [48ms]
[2023-02-22T19:20:14.798Z] > git rev-parse --git-dir --git-common-dir [53ms]
[2023-02-22T19:20:14.836Z] [info] Open repository: /home/weiwei
[2023-02-22T19:20:14.920Z] > git rev-parse --show-toplevel [27ms]
[2023-02-22T19:20:14.942Z] > git rev-parse --show-toplevel [3ms]
[2023-02-22T19:20:14.959Z] > git rev-parse --show-toplevel [1ms]
[2023-02-22T19:20:15.003Z] > git rev-parse --show-toplevel [9ms]
[2023-02-22T19:20:16.022Z] > git rev-parse --show-toplevel [1010ms]
[2023-02-22T19:20:16.113Z] > git rev-parse --show-toplevel [81ms]
[2023-02-22T19:20:16.316Z] > git check-ignore -v -z --stdin [271ms]
[2023-02-22T19:20:16.320Z] > git rev-parse --show-toplevel [199ms]
[2023-02-22T19:20:16.360Z] > git rev-parse --show-toplevel [31ms]
[2023-02-22T19:20:16.532Z] > git rev-parse --show-toplevel [151ms]
[2023-02-22T19:20:16.678Z] > git rev-parse --show-toplevel [127ms]
[2023-02-22T19:20:16.735Z] > git rev-parse --show-toplevel [39ms]
[2023-02-22T19:20:16.750Z] > git rev-parse --show-toplevel [4ms]
[2023-02-22T19:20:16.833Z] > git show --textconv :litenotes/resources/views/notes/index.blade.php [44ms]
[2023-02-22T19:20:16.833Z] > git ls-files --stage -- /home/weiwei/litenotes/resources/views/notes/index.blade.php [21ms]
[2023-02-22T19:20:18.640Z] > git status -z -uall [3756ms]
[2023-02-22T19:24:59.629Z] > git check-ignore -v -z --stdin [30ms]
[2023-02-22T19:24:59.694Z] > git show --textconv :litenotes/app/Http/Controllers/NoteController.php [10ms]
[2023-02-22T19:24:59.708Z] > git ls-files --stage -- /home/weiwei/litenotes/app/Http/Controllers/NoteController.php [15ms]
[2023-02-22T19:24:59.720Z] > git cat-file -s 710a8307dd33afa74222ebb9ba72025b04ed112a [2ms]
[2023-02-22T19:32:17.441Z] > git show --textconv :litenotes/resources/views/notes/show.blade.php [6ms]
[2023-02-22T19:32:17.445Z] > git ls-files --stage -- /home/weiwei/litenotes/resources/views/notes/show.blade.php [4ms]
[2023-02-22T19:33:54.557Z] > git show --textconv :litenotes/app/Http/Controllers/NoteController.php [7ms]
[2023-02-22T19:33:54.560Z] > git ls-files --stage -- /home/weiwei/litenotes/app/Http/Controllers/NoteController.php [4ms]
[2023-02-22T19:33:54.568Z] > git cat-file -s 710a8307dd33afa74222ebb9ba72025b04ed112a [1ms]
[2023-02-22T19:35:40.070Z] > git show --textconv :litenotes/resources/views/notes/edit.blade,php [6ms]
[2023-02-22T19:35:40.074Z] > git ls-files --stage -- /home/weiwei/litenotes/resources/views/notes/edit.blade,php [4ms]
[2023-02-22T19:35:40.257Z] > git check-ignore -v -z --stdin [6ms]
[2023-02-22T19:36:37.561Z] > git show --textconv :litenotes/resources/views/notes/index.blade.php [9ms]
[2023-02-22T19:36:37.564Z] > git ls-files --stage -- /home/weiwei/litenotes/resources/views/notes/index.blade.php [4ms]
[2023-02-22T19:36:38.465Z] > git show --textconv :litenotes/resources/views/notes/edit.blade,php [7ms]
[2023-02-22T19:36:38.468Z] > git ls-files --stage -- /home/weiwei/litenotes/resources/views/notes/edit.blade,php [4ms]
[2023-02-22T19:36:54.827Z] > git show --textconv :litenotes/resources/views/notes/index.blade.php [7ms]
[2023-02-22T19:36:54.831Z] > git ls-files --stage -- /home/weiwei/litenotes/resources/views/notes/index.blade.php [4ms]
[2023-02-22T19:36:56.561Z] > git show --textconv :litenotes/resources/views/notes/edit.blade,php [7ms]
[2023-02-22T19:36:56.566Z] > git ls-files --stage -- /home/weiwei/litenotes/resources/views/notes/edit.blade,php [6ms]
[2023-02-22T19:40:04.460Z] > git show --textconv :litenotes/resources/views/notes/index.blade.php [10ms]
[2023-02-22T19:40:04.465Z] > git ls-files --stage -- /home/weiwei/litenotes/resources/views/notes/index.blade.php [6ms]
[2023-02-22T19:40:14.743Z] > git show --textconv :litenotes/resources/views/notes/edit.blade,php [9ms]
[2023-02-22T19:40:14.746Z] > git ls-files --stage -- /home/weiwei/litenotes/resources/views/notes/edit.blade,php [4ms]
[2023-02-22T19:40:33.861Z] > git show --textconv :litenotes/resources/views/notes/edit.blade [13ms]
[2023-02-22T19:40:33.862Z] > git ls-files --stage -- /home/weiwei/litenotes/resources/views/notes/edit.blade [7ms]
[2023-02-22T19:40:34.076Z] > git check-ignore -v -z --stdin [6ms]
[2023-02-22T19:40:38.488Z] > git show --textconv :litenotes/resources/views/notes/create.blade.php [7ms]
[2023-02-22T19:40:38.492Z] > git ls-files --stage -- /home/weiwei/litenotes/resources/views/notes/create.blade.php [4ms]
[2023-02-22T19:40:39.188Z] > git show --textconv :litenotes/resources/views/notes/edit.blade [6ms]
[2023-02-22T19:40:39.190Z] > git ls-files --stage -- /home/weiwei/litenotes/resources/views/notes/edit.blade [3ms]
[2023-02-22T19:40:44.243Z] > git show --textconv :litenotes/resources/views/notes/edit.blade.php [7ms]
[2023-02-22T19:40:44.246Z] > git ls-files --stage -- /home/weiwei/litenotes/resources/views/notes/edit.blade.php [4ms]
[2023-02-22T19:40:44.410Z] > git check-ignore -v -z --stdin [6ms]
[2023-02-22T19:43:12.344Z] > git show --textconv :litenotes/app/Http/Controllers/NoteController.php [10ms]
[2023-02-22T19:43:12.348Z] > git ls-files --stage -- /home/weiwei/litenotes/app/Http/Controllers/NoteController.php [5ms]
[2023-02-22T19:43:12.355Z] > git cat-file -s 710a8307dd33afa74222ebb9ba72025b04ed112a [1ms]
[2023-02-22T19:43:31.232Z] > git show --textconv :litenotes/resources/views/notes/edit.blade.php [8ms]
[2023-02-22T19:43:31.236Z] > git ls-files --stage -- /home/weiwei/litenotes/resources/views/notes/edit.blade.php [5ms]
[2023-02-22T19:47:37.629Z] > git check-ignore -v -z --stdin [10ms]
[2023-02-22T19:47:38.955Z] > git check-ignore -v -z --stdin [5ms]
[2023-02-22T19:48:34.326Z] > git show --textconv :litenotes/resources/views/notes/index.blade.php [8ms]
[2023-02-22T19:48:34.328Z] > git ls-files --stage -- /home/weiwei/litenotes/resources/views/notes/index.blade.php [3ms]
[2023-02-22T19:48:36.233Z] > git show --textconv :litenotes/resources/views/notes/edit.blade.php [5ms]
[2023-02-22T19:48:36.237Z] > git ls-files --stage -- /home/weiwei/litenotes/resources/views/notes/edit.blade.php [4ms]
[2023-02-22T19:48:39.039Z] > git show --textconv :litenotes/resources/views/notes/show.blade.php [6ms]
[2023-02-22T19:48:39.042Z] > git ls-files --stage -- /home/weiwei/litenotes/resources/views/notes/show.blade.php [3ms]
[2023-02-22T19:48:56.357Z] > git show --textconv :litenotes/resources/views/notes/create.blade.php [9ms]
[2023-02-22T19:48:56.362Z] > git ls-files --stage -- /home/weiwei/litenotes/resources/views/notes/create.blade.php [6ms]
[2023-02-22T19:49:07.312Z] > git show --textconv :litenotes/resources/views/notes/edit.blade.php [7ms]
[2023-02-22T19:49:07.317Z] > git ls-files --stage -- /home/weiwei/litenotes/resources/views/notes/edit.blade.php [5ms]
[2023-02-22T19:51:27.077Z] > git show --textconv :litenotes/resources/views/notes/create.blade.php [6ms]
[2023-02-22T19:51:27.081Z] > git ls-files --stage -- /home/weiwei/litenotes/resources/views/notes/create.blade.php [4ms]
[2023-02-22T19:51:40.178Z] > git show --textconv :litenotes/resources/views/notes/edit.blade.php [6ms]
[2023-02-22T19:51:40.181Z] > git ls-files --stage -- /home/weiwei/litenotes/resources/views/notes/edit.blade.php [3ms]
[2023-02-22T19:55:59.633Z] > git show --textconv :litenotes/app/Http/Controllers/NoteController.php [6ms]
[2023-02-22T19:55:59.637Z] > git ls-files --stage -- /home/weiwei/litenotes/app/Http/Controllers/NoteController.php [4ms]
[2023-02-22T19:55:59.642Z] > git cat-file -s 710a8307dd33afa74222ebb9ba72025b04ed112a [1ms]
[2023-02-22T20:01:44.885Z] > git show --textconv :litenotes/resources/views/notes/show.blade.php [8ms]
[2023-02-22T20:01:44.889Z] > git ls-files --stage -- /home/weiwei/litenotes/resources/views/notes/show.blade.php [5ms]
[2023-02-22T20:04:17.014Z] > git show --textconv :litenotes/resources/css/app.css [8ms]
[2023-02-22T20:04:17.018Z] > git ls-files --stage -- /home/weiwei/litenotes/resources/css/app.css [5ms]
[2023-02-22T20:04:17.026Z] > git cat-file -s b5c61c956711f981a41e95f7fcf0038436cfbb22 [1ms]
[2023-02-22T20:04:47.555Z] > git show --textconv :litenotes/resources/views/notes/show.blade.php [7ms]
[2023-02-22T20:04:47.558Z] > git ls-files --stage -- /home/weiwei/litenotes/resources/views/notes/show.blade.php [4ms]
[2023-02-22T20:06:10.184Z] > git show --textconv :litenotes/app/Http/Controllers/NoteController.php [6ms]
[2023-02-22T20:06:10.187Z] > git ls-files --stage -- /home/weiwei/litenotes/app/Http/Controllers/NoteController.php [4ms]
[2023-02-22T20:06:10.194Z] > git cat-file -s 710a8307dd33afa74222ebb9ba72025b04ed112a [1ms]
[2023-02-22T20:08:43.343Z] > git show --textconv :litenotes/resources/views/notes/show.blade.php [6ms]
[2023-02-22T20:08:43.347Z] > git ls-files --stage -- /home/weiwei/litenotes/resources/views/notes/show.blade.php [4ms]
[2023-02-22T20:10:49.019Z] > git check-ignore -v -z --stdin [6ms]
[2023-02-22T20:11:05.170Z] > git show --textconv :litenotes/resources/views/components/alert-success.blade.php [20ms]
[2023-02-22T20:11:05.181Z] > git ls-files --stage -- /home/weiwei/litenotes/resources/views/components/alert-success.blade.php [13ms]
[2023-02-22T20:11:05.388Z] > git check-ignore -v -z --stdin [14ms]
[2023-02-22T20:12:31.231Z] > git show --textconv :litenotes/resources/views/notes/show.blade.php [6ms]
[2023-02-22T20:12:31.233Z] > git ls-files --stage -- /home/weiwei/litenotes/resources/views/notes/show.blade.php [3ms]
[2023-02-22T20:12:47.591Z] > git show --textconv :litenotes/app/Http/Controllers/NoteController.php [8ms]
[2023-02-22T20:12:47.594Z] > git ls-files --stage -- /home/weiwei/litenotes/app/Http/Controllers/NoteController.php [4ms]
[2023-02-22T20:12:47.603Z] > git cat-file -s 710a8307dd33afa74222ebb9ba72025b04ed112a [1ms]
[2023-02-22T20:13:08.488Z] > git show --textconv :litenotes/resources/views/notes/index.blade.php [5ms]
[2023-02-22T20:13:08.490Z] > git ls-files --stage -- /home/weiwei/litenotes/resources/views/notes/index.blade.php [3ms]
[2023-02-22T20:13:25.588Z] > git show --textconv :litenotes/resources/views/notes/show.blade.php [6ms]
[2023-02-22T20:13:25.591Z] > git ls-files --stage -- /home/weiwei/litenotes/resources/views/notes/show.blade.php [3ms]
[2023-02-22T20:13:28.954Z] > git show --textconv :litenotes/resources/views/notes/index.blade.php [8ms]
[2023-02-22T20:13:28.958Z] > git ls-files --stage -- /home/weiwei/litenotes/resources/views/notes/index.blade.php [4ms]
[2023-02-22T20:14:13.011Z] > git show --textconv :litenotes/resources/views/notes/edit.blade.php [9ms]
[2023-02-22T20:14:13.013Z] > git ls-files --stage -- /home/weiwei/litenotes/resources/views/notes/edit.blade.php [3ms]
[2023-02-22T20:14:16.437Z] > git show --textconv :litenotes/app/Http/Controllers/NoteController.php [7ms]
[2023-02-22T20:14:16.440Z] > git ls-files --stage -- /home/weiwei/litenotes/app/Http/Controllers/NoteController.php [4ms]
[2023-02-22T20:14:16.447Z] > git cat-file -s 710a8307dd33afa74222ebb9ba72025b04ed112a [1ms]
