[2023-02-07T21:18:41.158Z] Log level: Info
[2023-02-07T21:18:41.235Z] [info] Validating found git in: git
[2023-02-07T21:18:41.405Z] [info] Using git 2.34.1 from git
[2023-02-07T21:18:41.546Z] > git rev-parse --show-toplevel [105ms]
[2023-02-07T21:18:41.547Z] fatal: not a git repository (or any of the parent directories): .git
[2023-02-07T21:18:41.578Z] > git rev-parse --show-toplevel [10ms]
[2023-02-07T21:18:41.579Z] fatal: not a git repository (or any of the parent directories): .git
[2023-02-07T21:18:41.595Z] > git rev-parse --show-toplevel [2ms]
[2023-02-07T21:18:41.595Z] fatal: not a git repository (or any of the parent directories): .git
[2023-02-07T21:18:41.621Z] > git rev-parse --show-toplevel [2ms]
[2023-02-07T21:18:41.621Z] fatal: not a git repository (or any of the parent directories): .git
[2023-02-07T21:18:41.630Z] > git rev-parse --show-toplevel [2ms]
[2023-02-07T21:18:41.630Z] fatal: not a git repository (or any of the parent directories): .git
[2023-02-07T21:18:43.569Z] > git rev-parse --show-toplevel [24ms]
[2023-02-07T21:18:43.569Z] fatal: not a git repository (or any of the parent directories): .git
[2023-02-07T21:18:43.579Z] > git rev-parse --show-toplevel [3ms]
[2023-02-07T21:18:43.579Z] fatal: not a git repository (or any of the parent directories): .git
[2023-02-07T21:44:58.076Z] > git rev-parse --show-toplevel [1240ms]
[2023-02-07T21:44:58.076Z] fatal: not a git repository (or any of the parent directories): .git
[2023-02-07T21:45:02.447Z] > git rev-parse --show-toplevel [2ms]
[2023-02-07T21:45:02.447Z] fatal: not a git repository (or any of the parent directories): .git
[2023-02-07T21:46:47.945Z] > git rev-parse --show-toplevel [141ms]
[2023-02-07T21:46:47.945Z] fatal: not a git repository (or any of the parent directories): .git
[2023-02-07T21:47:01.518Z] > git rev-parse --show-toplevel [9ms]
[2023-02-07T21:47:01.518Z] fatal: not a git repository (or any of the parent directories): .git
[2023-02-07T21:47:04.924Z] > git rev-parse --show-toplevel [1ms]
[2023-02-07T21:47:04.924Z] fatal: not a git repository (or any of the parent directories): .git
[2023-02-07T21:47:06.563Z] > git rev-parse --show-toplevel [3ms]
[2023-02-07T21:47:06.563Z] fatal: not a git repository (or any of the parent directories): .git
[2023-02-07T21:47:07.493Z] > git rev-parse --show-toplevel [1ms]
[2023-02-07T21:47:07.493Z] fatal: not a git repository (or any of the parent directories): .git
[2023-02-07T21:47:19.235Z] > git rev-parse --show-toplevel [2ms]
[2023-02-07T21:47:19.235Z] fatal: not a git repository (or any of the parent directories): .git
[2023-02-07T21:50:18.395Z] > git rev-parse --show-toplevel [12ms]
[2023-02-07T21:50:18.395Z] fatal: not a git repository (or any of the parent directories): .git
[2023-02-07T21:50:30.586Z] > git rev-parse --show-toplevel [1ms]
[2023-02-07T21:50:30.586Z] fatal: not a git repository (or any of the parent directories): .git
[2023-02-07T21:51:57.114Z] > git rev-parse --show-toplevel [8ms]
[2023-02-07T21:51:57.114Z] fatal: not a git repository (or any of the parent directories): .git
[2023-02-07T21:52:00.630Z] > git rev-parse --show-toplevel [107ms]
[2023-02-07T21:52:00.630Z] fatal: not a git repository (or any of the parent directories): .git
[2023-02-07T21:52:23.225Z] > git rev-parse --show-toplevel [2ms]
[2023-02-07T21:52:23.225Z] fatal: not a git repository (or any of the parent directories): .git
[2023-02-07T21:52:48.090Z] > git rev-parse --show-toplevel [4ms]
[2023-02-07T21:52:48.090Z] fatal: not a git repository (or any of the parent directories): .git
[2023-02-07T21:53:11.718Z] > git rev-parse --show-toplevel [2ms]
[2023-02-07T21:53:11.718Z] fatal: not a git repository (or any of the parent directories): .git
[2023-02-07T21:53:56.816Z] > git rev-parse --show-toplevel [2ms]
[2023-02-07T21:53:56.816Z] fatal: not a git repository (or any of the parent directories): .git
[2023-02-07T21:53:58.853Z] > git rev-parse --show-toplevel [7ms]
[2023-02-07T21:53:58.853Z] fatal: not a git repository (or any of the parent directories): .git
[2023-02-07T21:54:01.733Z] > git rev-parse --show-toplevel [2ms]
[2023-02-07T21:54:01.733Z] fatal: not a git repository (or any of the parent directories): .git
[2023-02-07T21:54:06.388Z] > git rev-parse --show-toplevel [2ms]
[2023-02-07T21:54:06.388Z] fatal: not a git repository (or any of the parent directories): .git
[2023-02-07T21:54:33.980Z] > git rev-parse --show-toplevel [4ms]
[2023-02-07T21:54:33.980Z] fatal: not a git repository (or any of the parent directories): .git
[2023-02-07T21:56:14.015Z] > git rev-parse --show-toplevel [4ms]
[2023-02-07T21:56:14.015Z] fatal: not a git repository (or any of the parent directories): .git
[2023-02-07T21:58:03.430Z] > git rev-parse --show-toplevel [4ms]
[2023-02-07T21:58:03.430Z] fatal: not a git repository (or any of the parent directories): .git
[2023-02-07T21:59:27.038Z] > git rev-parse --show-toplevel [3ms]
[2023-02-07T21:59:27.038Z] fatal: not a git repository (or any of the parent directories): .git
[2023-02-07T22:00:31.263Z] > git rev-parse --show-toplevel [11ms]
[2023-02-07T22:00:31.263Z] fatal: not a git repository (or any of the parent directories): .git
[2023-02-07T22:02:42.615Z] > git rev-parse --show-toplevel [2ms]
[2023-02-07T22:02:42.615Z] fatal: not a git repository (or any of the parent directories): .git
[2023-02-07T22:03:21.616Z] > git rev-parse --show-toplevel [3ms]
[2023-02-07T22:03:21.616Z] fatal: not a git repository (or any of the parent directories): .git
[2023-02-07T23:46:01.781Z] > git rev-parse --show-toplevel [3ms]
[2023-02-07T23:46:01.781Z] fatal: not a git repository (or any of the parent directories): .git
[2023-02-07T23:46:04.376Z] > git rev-parse --show-toplevel [3ms]
[2023-02-07T23:46:04.376Z] fatal: not a git repository (or any of the parent directories): .git
[2023-02-07T23:46:40.611Z] > git rev-parse --show-toplevel [86ms]
[2023-02-07T23:46:40.612Z] fatal: not a git repository (or any of the parent directories): .git
[2023-02-08T00:05:07.601Z] > git rev-parse --show-toplevel [13ms]
[2023-02-08T00:05:07.601Z] fatal: not a git repository (or any of the parent directories): .git
[2023-02-08T00:05:07.613Z] > git rev-parse --show-toplevel [1ms]
[2023-02-08T00:05:07.613Z] fatal: not a git repository (or any of the parent directories): .git
[2023-02-08T00:05:07.623Z] > git rev-parse --show-toplevel [0ms]
[2023-02-08T00:05:07.623Z] fatal: not a git repository (or any of the parent directories): .git
[2023-02-08T00:05:07.631Z] > git rev-parse --show-toplevel [1ms]
[2023-02-08T00:05:07.631Z] fatal: not a git repository (or any of the parent directories): .git
[2023-02-08T00:05:07.640Z] > git rev-parse --show-toplevel [1ms]
[2023-02-08T00:05:07.640Z] fatal: not a git repository (or any of the parent directories): .git
[2023-02-08T00:05:07.650Z] > git rev-parse --show-toplevel [1ms]
[2023-02-08T00:05:07.650Z] fatal: not a git repository (or any of the parent directories): .git
[2023-02-08T00:05:07.658Z] > git rev-parse --show-toplevel [1ms]
[2023-02-08T00:05:07.658Z] fatal: not a git repository (or any of the parent directories): .git
[2023-02-08T00:05:07.667Z] > git rev-parse --show-toplevel [1ms]
[2023-02-08T00:05:07.667Z] fatal: not a git repository (or any of the parent directories): .git
[2023-02-08T00:05:07.677Z] > git rev-parse --show-toplevel [1ms]
[2023-02-08T00:05:07.677Z] fatal: not a git repository (or any of the parent directories): .git
[2023-02-08T00:05:07.686Z] > git rev-parse --show-toplevel [1ms]
[2023-02-08T00:05:07.686Z] fatal: not a git repository (or any of the parent directories): .git
[2023-02-08T00:05:07.695Z] > git rev-parse --show-toplevel [1ms]
[2023-02-08T00:05:07.695Z] fatal: not a git repository (or any of the parent directories): .git
[2023-02-08T00:15:15.421Z] > git rev-parse --show-toplevel [2ms]
[2023-02-08T00:15:15.421Z] fatal: not a git repository (or any of the parent directories): .git
[2023-02-08T00:15:27.747Z] > git rev-parse --show-toplevel [2ms]
[2023-02-08T00:15:27.747Z] fatal: not a git repository (or any of the parent directories): .git
[2023-02-08T00:15:28.441Z] > git rev-parse --show-toplevel [7ms]
[2023-02-08T00:15:28.441Z] fatal: not a git repository (or any of the parent directories): .git
[2023-02-08T00:15:29.771Z] > git rev-parse --show-toplevel [3ms]
[2023-02-08T00:15:29.771Z] fatal: not a git repository (or any of the parent directories): .git
[2023-02-08T00:15:32.243Z] > git rev-parse --show-toplevel [2ms]
[2023-02-08T00:15:32.243Z] fatal: not a git repository (or any of the parent directories): .git
[2023-02-08T00:16:17.537Z] > git rev-parse --show-toplevel [2ms]
[2023-02-08T00:16:17.537Z] fatal: not a git repository (or any of the parent directories): .git
[2023-02-08T00:16:44.397Z] > git rev-parse --show-toplevel [14ms]
[2023-02-08T00:16:44.397Z] fatal: not a git repository (or any of the parent directories): .git
[2023-02-08T00:29:18.835Z] > git rev-parse --show-toplevel [18ms]
[2023-02-08T00:29:18.835Z] fatal: not a git repository (or any of the parent directories): .git
[2023-02-08T00:29:53.646Z] > git rev-parse --show-toplevel [2ms]
[2023-02-08T00:29:53.646Z] fatal: not a git repository (or any of the parent directories): .git
[2023-02-08T00:32:40.314Z] > git rev-parse --show-toplevel [2ms]
[2023-02-08T00:32:40.314Z] fatal: not a git repository (or any of the parent directories): .git
[2023-02-08T00:38:02.787Z] > git rev-parse --show-toplevel [14ms]
[2023-02-08T00:38:02.787Z] fatal: not a git repository (or any of the parent directories): .git
[2023-02-08T00:38:16.478Z] > git rev-parse --show-toplevel [10ms]
[2023-02-08T00:38:16.478Z] fatal: not a git repository (or any of the parent directories): .git
[2023-02-08T00:46:51.972Z] > git rev-parse --show-toplevel [17ms]
[2023-02-08T00:46:51.972Z] fatal: not a git repository (or any of the parent directories): .git
[2023-02-08T00:56:33.790Z] > git rev-parse --show-toplevel [12ms]
[2023-02-08T00:56:33.790Z] fatal: not a git repository (or any of the parent directories): .git
[2023-02-08T00:56:54.185Z] > git rev-parse --show-toplevel [2ms]
[2023-02-08T00:56:54.186Z] fatal: not a git repository (or any of the parent directories): .git
[2023-02-08T01:36:41.783Z] > git rev-parse --show-toplevel [19ms]
[2023-02-08T01:36:41.783Z] fatal: not a git repository (or any of the parent directories): .git
[2023-02-08T01:40:51.132Z] > git rev-parse --show-toplevel [2ms]
[2023-02-08T01:40:51.132Z] fatal: not a git repository (or any of the parent directories): .git
[2023-02-08T01:40:52.017Z] > git rev-parse --show-toplevel [2ms]
[2023-02-08T01:40:52.017Z] fatal: not a git repository (or any of the parent directories): .git
[2023-02-08T04:52:42.221Z] > git rev-parse --show-toplevel [31ms]
[2023-02-08T04:52:42.222Z] fatal: not a git repository (or any of the parent directories): .git
[2023-02-08T04:52:42.238Z] > git rev-parse --show-toplevel [2ms]
[2023-02-08T04:52:42.238Z] fatal: not a git repository (or any of the parent directories): .git
[2023-02-08T04:53:42.483Z] > git rev-parse --show-toplevel [1ms]
[2023-02-08T04:53:42.483Z] fatal: not a git repository (or any of the parent directories): .git
[2023-02-08T04:53:42.531Z] > git rev-parse --show-toplevel [13ms]
[2023-02-08T04:53:42.531Z] fatal: not a git repository (or any of the parent directories): .git
[2023-02-08T04:53:42.543Z] > git rev-parse --show-toplevel [1ms]
[2023-02-08T04:53:42.543Z] fatal: not a git repository (or any of the parent directories): .git
[2023-02-08T04:53:47.343Z] > git rev-parse --show-toplevel [1ms]
[2023-02-08T04:53:47.344Z] fatal: not a git repository (or any of the parent directories): .git
[2023-02-08T04:53:47.410Z] > git rev-parse --show-toplevel [14ms]
[2023-02-08T04:53:47.410Z] fatal: not a git repository (or any of the parent directories): .git
[2023-02-08T04:54:20.117Z] > git rev-parse --show-toplevel [3ms]
[2023-02-08T04:54:20.117Z] fatal: not a git repository (or any of the parent directories): .git
[2023-02-08T05:04:50.183Z] > git init [33ms]
[2023-02-08T05:04:50.183Z] hint: Using 'master' as the name for the initial branch. This default branch name
hint: is subject to change. To configure the initial branch name to use in all
hint: of your new repositories, which will suppress this warning, call:
hint: 
hint: 	git config --global init.defaultBranch <name>
hint: 
hint: Names commonly chosen instead of 'master' are 'main', 'trunk' and
hint: 'development'. The just-created branch can be renamed via this command:
hint: 
hint: 	git branch -m <name>
[2023-02-08T05:04:50.201Z] > git rev-parse --show-toplevel [2ms]
[2023-02-08T05:04:50.217Z] > git rev-parse --git-dir --git-common-dir [1ms]
[2023-02-08T05:04:50.233Z] [info] Open repository: /home/weiwei
[2023-02-08T05:04:50.275Z] > git fetch [26ms]
[2023-02-08T05:04:50.675Z] > git show --textconv :litenotes/app/Http/Controllers/NoteController.php [11ms]
[2023-02-08T05:04:50.676Z] > git ls-files --stage -- /home/weiwei/litenotes/app/Http/Controllers/NoteController.php [2ms]
[2023-02-08T05:04:50.916Z] > git check-ignore -v -z --stdin [2ms]
[2023-02-08T05:04:51.156Z] > git status -z -uall [896ms]
[2023-02-08T05:05:11.721Z] > git symbolic-ref --short HEAD [2ms]
[2023-02-08T05:05:11.737Z] > git for-each-ref --format=%(refname)%00%(upstream:short)%00%(objectname)%00%(upstream:track)%00%(upstream:remotename)%00%(upstream:remoteref) refs/heads/master refs/remotes/master [3ms]
[2023-02-08T05:05:11.760Z] > git for-each-ref --sort -committerdate --format %(refname) %(objectname) %(*objectname) [13ms]
[2023-02-08T05:05:11.760Z] > git remote --verbose [2ms]
[2023-02-08T05:05:14.729Z] > git config --get commit.template [308ms]
[2023-02-08T05:05:14.813Z] > git add -A -- . [24539ms]
[2023-02-08T05:05:14.915Z] > git status -z -uall [144ms]
[2023-02-08T05:05:14.915Z] > git symbolic-ref --short HEAD [2ms]
[2023-02-08T05:05:14.938Z] > git for-each-ref --format=%(refname)%00%(upstream:short)%00%(objectname)%00%(upstream:track)%00%(upstream:remotename)%00%(upstream:remoteref) refs/heads/master refs/remotes/master [6ms]
[2023-02-08T05:05:14.968Z] > git for-each-ref --sort -committerdate --format %(refname) %(objectname) %(*objectname) [15ms]
[2023-02-08T05:05:14.969Z] > git remote --verbose [1ms]
[2023-02-08T05:05:17.116Z] > git -c user.useConfigOnly=true commit --quiet --allow-empty-message --file - --allow-empty-message [2288ms]
[2023-02-08T05:05:17.116Z] Author identity unknown

*** Please tell me who you are.

Run

  git config --global user.email "you@example.com"
  git config --global user.name "Your Name"

to set your account's default identity.
Omit --global to set the identity only in this repository.

fatal: no email was given and auto-detection is disabled
[2023-02-08T05:05:17.555Z] > git config --get-all user.name [420ms]
[2023-02-08T05:05:17.558Z] > git config --get commit.template [449ms]
[2023-02-08T05:05:17.765Z] > git status -z -uall [180ms]
[2023-02-08T05:05:17.765Z] > git symbolic-ref --short HEAD [1ms]
[2023-02-08T05:05:17.784Z] > git check-ignore -v -z --stdin [152ms]
[2023-02-08T05:05:17.786Z] > git for-each-ref --format=%(refname)%00%(upstream:short)%00%(objectname)%00%(upstream:track)%00%(upstream:remotename)%00%(upstream:remoteref) refs/heads/master refs/remotes/master [2ms]
[2023-02-08T05:05:17.825Z] > git remote --verbose [2ms]
[2023-02-08T05:05:17.825Z] > git for-each-ref --sort -committerdate --format %(refname) %(objectname) %(*objectname) [20ms]
[2023-02-08T05:05:19.814Z] > git config --get commit.template [153ms]
[2023-02-08T05:05:33.567Z] > git -c user.useConfigOnly=true commit --quiet [57ms]
[2023-02-08T05:05:33.567Z] Author identity unknown

*** Please tell me who you are.

Run

  git config --global user.email "you@example.com"
  git config --global user.name "Your Name"

to set your account's default identity.
Omit --global to set the identity only in this repository.

fatal: no email was given and auto-detection is disabled
[2023-02-08T05:05:33.582Z] > git config --get-all user.name [1ms]
[2023-02-08T05:07:02.490Z] > git -c user.useConfigOnly=true commit --quiet --allow-empty-message --file - [55ms]
[2023-02-08T05:07:02.490Z] Author identity unknown

*** Please tell me who you are.

Run

  git config --global user.email "you@example.com"
  git config --global user.name "Your Name"

to set your account's default identity.
Omit --global to set the identity only in this repository.

fatal: no email was given and auto-detection is disabled
[2023-02-08T05:07:02.508Z] > git config --get-all user.name [1ms]
[2023-02-08T05:07:25.445Z] > git -c user.useConfigOnly=true commit --quiet --allow-empty-message --file - [38ms]
[2023-02-08T05:07:25.445Z] Author identity unknown

*** Please tell me who you are.

Run

  git config --global user.email "you@example.com"
  git config --global user.name "Your Name"

to set your account's default identity.
Omit --global to set the identity only in this repository.

fatal: no email was given and auto-detection is disabled
[2023-02-08T05:07:25.456Z] > git config --get-all user.name [1ms]
[2023-02-08T05:08:17.612Z] > git fetch [16ms]
[2023-02-08T05:08:17.612Z] Auto packing the repository in background for optimum performance.
See "git help gc" for manual housekeeping.
[2023-02-08T05:08:17.732Z] > git status -z -uall [108ms]
[2023-02-08T05:08:17.733Z] > git symbolic-ref --short HEAD [5ms]
[2023-02-08T05:08:17.746Z] > git for-each-ref --format=%(refname)%00%(upstream:short)%00%(objectname)%00%(upstream:track)%00%(upstream:remotename)%00%(upstream:remoteref) refs/heads/master refs/remotes/master [1ms]
[2023-02-08T05:08:17.771Z] > git remote --verbose [2ms]
[2023-02-08T05:08:17.772Z] > git for-each-ref --sort -committerdate --format %(refname) %(objectname) %(*objectname) [14ms]
[2023-02-08T05:08:20.574Z] > git config --get commit.template [148ms]
[2023-02-08T05:09:16.639Z] > git -c user.useConfigOnly=true commit --quiet --allow-empty-message --file - [47ms]
[2023-02-08T05:09:16.639Z] Author identity unknown

*** Please tell me who you are.

Run

  git config --global user.email "you@example.com"
  git config --global user.name "Your Name"

to set your account's default identity.
Omit --global to set the identity only in this repository.

fatal: no email was given and auto-detection is disabled
[2023-02-08T05:09:16.652Z] > git config --get-all user.name [1ms]
[2023-02-08T05:12:07.647Z] > git fetch [8ms]
[2023-02-08T05:12:07.757Z] > git status -z -uall [99ms]
[2023-02-08T05:12:07.757Z] > git symbolic-ref --short HEAD [6ms]
[2023-02-08T05:12:07.770Z] > git for-each-ref --format=%(refname)%00%(upstream:short)%00%(objectname)%00%(upstream:track)%00%(upstream:remotename)%00%(upstream:remoteref) refs/heads/master refs/remotes/master [1ms]
[2023-02-08T05:12:07.795Z] > git remote --verbose [3ms]
[2023-02-08T05:12:07.795Z] > git for-each-ref --sort -committerdate --format %(refname) %(objectname) %(*objectname) [14ms]
[2023-02-08T05:12:07.933Z] > git config --get commit.template [8ms]
[2023-02-08T05:18:30.307Z] > git fetch [6ms]
[2023-02-08T05:18:30.429Z] > git status -z -uall [107ms]
[2023-02-08T05:18:30.429Z] > git symbolic-ref --short HEAD [3ms]
[2023-02-08T05:18:30.468Z] > git for-each-ref --format=%(refname)%00%(upstream:short)%00%(objectname)%00%(upstream:track)%00%(upstream:remotename)%00%(upstream:remoteref) refs/heads/master refs/remotes/master [12ms]
[2023-02-08T05:18:30.501Z] > git remote --verbose [1ms]
[2023-02-08T05:18:30.502Z] > git for-each-ref --sort -committerdate --format %(refname) %(objectname) %(*objectname) [18ms]
[2023-02-08T05:18:30.622Z] > git config --get commit.template [10ms]
[2023-02-08T05:21:30.658Z] > git fetch [9ms]
[2023-02-08T05:21:30.752Z] > git status -z -uall [81ms]
[2023-02-08T05:21:30.752Z] > git symbolic-ref --short HEAD [2ms]
[2023-02-08T05:21:30.763Z] > git for-each-ref --format=%(refname)%00%(upstream:short)%00%(objectname)%00%(upstream:track)%00%(upstream:remotename)%00%(upstream:remoteref) refs/heads/master refs/remotes/master [1ms]
[2023-02-08T05:21:30.785Z] > git remote --verbose [1ms]
[2023-02-08T05:21:30.785Z] > git for-each-ref --sort -committerdate --format %(refname) %(objectname) %(*objectname) [11ms]
[2023-02-08T05:21:30.899Z] > git config --get commit.template [10ms]
[2023-02-08T05:24:32.691Z] > git fetch [10ms]
[2023-02-08T05:24:32.799Z] > git status -z -uall [94ms]
[2023-02-08T05:24:32.800Z] > git symbolic-ref --short HEAD [3ms]
[2023-02-08T05:24:32.811Z] > git for-each-ref --format=%(refname)%00%(upstream:short)%00%(objectname)%00%(upstream:track)%00%(upstream:remotename)%00%(upstream:remoteref) refs/heads/master refs/remotes/master [1ms]
[2023-02-08T05:24:32.833Z] > git remote --verbose [2ms]
[2023-02-08T05:24:32.833Z] > git for-each-ref --sort -committerdate --format %(refname) %(objectname) %(*objectname) [12ms]
[2023-02-08T05:24:32.953Z] > git config --get commit.template [9ms]
[2023-02-08T05:27:32.975Z] > git fetch [6ms]
[2023-02-08T05:27:33.065Z] > git status -z -uall [80ms]
[2023-02-08T05:27:33.066Z] > git symbolic-ref --short HEAD [4ms]
[2023-02-08T05:27:33.076Z] > git for-each-ref --format=%(refname)%00%(upstream:short)%00%(objectname)%00%(upstream:track)%00%(upstream:remotename)%00%(upstream:remoteref) refs/heads/master refs/remotes/master [1ms]
[2023-02-08T05:27:33.099Z] > git remote --verbose [2ms]
[2023-02-08T05:27:33.099Z] > git for-each-ref --sort -committerdate --format %(refname) %(objectname) %(*objectname) [13ms]
[2023-02-08T05:27:33.214Z] > git config --get commit.template [6ms]
[2023-02-08T05:29:15.470Z] > git -c user.useConfigOnly=true commit --quiet --allow-empty-message --file - [47ms]
[2023-02-08T05:29:15.569Z] > git status -z -uall [89ms]
[2023-02-08T05:29:15.586Z] > git symbolic-ref --short HEAD [1ms]
[2023-02-08T05:29:15.602Z] > git for-each-ref --format=%(refname)%00%(upstream:short)%00%(objectname)%00%(upstream:track)%00%(upstream:remotename)%00%(upstream:remoteref) refs/heads/master refs/remotes/master [4ms]
[2023-02-08T05:29:15.629Z] > git remote --verbose [1ms]
[2023-02-08T05:29:15.630Z] > git for-each-ref --sort -committerdate --format %(refname) %(objectname) %(*objectname) [15ms]
[2023-02-08T05:29:15.691Z] > git config --get commit.template [2ms]
[2023-02-08T05:29:15.705Z] > git config --get commit.template [0ms]
[2023-02-08T05:29:17.368Z] > git check-ignore -v -z --stdin [6ms]
[2023-02-08T05:29:38.183Z] > git add -A -- . [68ms]
[2023-02-08T05:29:38.668Z] > git show --textconv :.git/COMMIT_EDITMSG [16ms]
[2023-02-08T05:29:38.671Z] > git ls-files --stage -- /home/weiwei/.git/COMMIT_EDITMSG [4ms]
[2023-02-08T05:29:38.968Z] > git check-ignore -v -z --stdin [7ms]
