[2023-02-22 15:18:35.404] [exthost] [info] Extension host with pid 8600 started
[2023-02-22 15:18:35.432] [exthost] [info] Lock '/home/weiwei/.vscode-server/data/User/workspaceStorage/da3404f4862fbe30c4202d77e0f7f5e8/vscode.lock': Lock acquired.
[2023-02-22 15:18:35.548] [exthost] [info] ExtensionService#_doActivateExtension vscode.php-language-features, startup: false, activationEvent: 'onLanguage:php'
[2023-02-22 15:18:35.549] [exthost] [info] ExtensionService#_doActivateExtension bmewburn.vscode-intelephense-client, startup: false, activationEvent: 'onLanguage:php'
[2023-02-22 15:18:35.550] [exthost] [info] ExtensionService#_doActivateExtension MehediDracula.php-namespace-resolver, startup: false, activationEvent: 'onLanguage:php'
[2023-02-22 15:18:35.550] [exthost] [info] ExtensionService#_doActivateExtension vscode.debug-auto-launch, startup: true, activationEvent: '*'
[2023-02-22 15:18:35.551] [exthost] [info] ExtensionService#_doActivateExtension vscode.git-base, startup: true, activationEvent: '*', root cause: vscode.git
[2023-02-22 15:18:35.551] [exthost] [info] ExtensionService#_doActivateExtension vscode.ipynb, startup: true, activationEvent: '*'
[2023-02-22 15:18:35.728] [exthost] [info] ExtensionService#_doActivateExtension vscode.npm, startup: true, activationEvent: 'workspaceContains:package.json'
[2023-02-22 15:18:35.944] [exthost] [info] ExtensionService#_doActivateExtension vscode.git, startup: true, activationEvent: '*'
[2023-02-22 15:18:35.945] [exthost] [info] ExtensionService#_doActivateExtension vscode.github, startup: true, activationEvent: '*'
[2023-02-22 15:18:36.797] [exthost] [info] ExtensionService#_doActivateExtension vscode.emmet, startup: false, activationEvent: 'onStartupFinished'
[2023-02-22 15:18:36.798] [exthost] [info] ExtensionService#_doActivateExtension vscode.merge-conflict, startup: false, activationEvent: 'onStartupFinished'
[2023-02-22 15:18:36.798] [exthost] [info] Eager extensions activated
[2023-02-22 15:18:59.143] [exthost] [warning] [Decorations] CAPPING events from decorations provider vscode.git 10000
[2023-02-22 15:19:00.923] [exthost] [warning] [Decorations] CAPPING events from decorations provider vscode.git 10000
[2023-02-22 15:19:02.949] [exthost] [warning] [Decorations] CAPPING events from decorations provider vscode.git 10000
[2023-02-22 15:19:09.653] [exthost] [warning] [Decorations] CAPPING events from decorations provider vscode.git 10002
[2023-02-22 15:19:39.548] [exthost] [warning] [Decorations] CAPPING events from decorations provider vscode.git 10000
[2023-02-22 15:19:54.190] [exthost] [warning] [Decorations] CAPPING events from decorations provider vscode.git 10000
[2023-02-22 15:20:01.574] [exthost] [warning] [Decorations] CAPPING events from decorations provider vscode.git 10000
[2023-02-22 15:21:39.489] [exthost] [warning] [Decorations] CAPPING events from decorations provider vscode.git 20000
