0 verbose cli /home/weiwei/.nvm/versions/node/v18.14.0/bin/node /home/weiwei/.nvm/versions/node/v18.14.0/bin/npm
1 info using npm@9.3.1
2 info using node@v18.14.0
3 timing npm:load:whichnode Completed in 4ms
4 timing config:load:defaults Completed in 5ms
5 timing config:load:file:/home/weiwei/.nvm/versions/node/v18.14.0/lib/node_modules/npm/npmrc Completed in 0ms
6 timing config:load:builtin Completed in 2ms
7 timing config:load:cli Completed in 4ms
8 timing config:load:env Completed in 1ms
9 timing config:load:file:/home/weiwei/litenotes/.npmrc Completed in 0ms
10 timing config:load:project Completed in 2ms
11 timing config:load:file:/home/weiwei/.npmrc Completed in 1ms
12 timing config:load:user Completed in 6ms
13 timing config:load:file:/home/weiwei/.nvm/versions/node/v18.14.0/etc/npmrc Completed in 1ms
14 timing config:load:global Completed in 1ms
15 timing config:load:setEnvs Completed in 4ms
16 timing config:load Completed in 26ms
17 timing npm:load:configload Completed in 27ms
18 timing npm:load:mkdirpcache Completed in 1ms
19 timing npm:load:mkdirplogs Completed in 0ms
20 verbose title npm view axios description dist-tags.latest homepage version
21 verbose argv "view" "--json" "axios" "description" "dist-tags.latest" "homepage" "version"
22 timing npm:load:setTitle Completed in 3ms
23 timing config:load:flatten Completed in 11ms
24 timing npm:load:display Completed in 13ms
25 verbose logfile logs-max:10 dir:/home/weiwei/.npm/_logs/2023-02-08T19_25_40_652Z-
26 verbose logfile /home/weiwei/.npm/_logs/2023-02-08T19_25_40_652Z-debug-0.log
27 timing npm:load:logFile Completed in 11ms
28 timing npm:load:timers Completed in 0ms
29 timing npm:load:configScope Completed in 0ms
30 timing npm:load Completed in 65ms
31 silly logfile done cleaning log files
32 http fetch GET 200 https://registry.npmjs.org/axios 549ms (cache miss)
33 timing command:view Completed in 610ms
34 verbose exit 0
35 timing npm Completed in 711ms
36 info ok
