[2023-02-08T16:12:22.612Z] Log level: Info
[2023-02-08T16:12:22.638Z] [info] Validating found git in: git
[2023-02-08T16:12:22.752Z] [info] Using git 2.34.1 from git
[2023-02-08T16:12:22.816Z] > git rev-parse --show-toplevel [11ms]
[2023-02-08T16:12:22.838Z] > git rev-parse --git-dir --git-common-dir [2ms]
[2023-02-08T16:12:22.862Z] [info] Open repository: /home/weiwei
[2023-02-08T16:12:22.921Z] > git rev-parse --show-toplevel [15ms]
[2023-02-08T16:12:22.949Z] > git rev-parse --show-toplevel [4ms]
[2023-02-08T16:12:22.964Z] > git rev-parse --show-toplevel [2ms]
[2023-02-08T16:12:22.980Z] > git rev-parse --show-toplevel [7ms]
[2023-02-08T16:12:22.991Z] > git rev-parse --show-toplevel [2ms]
[2023-02-08T16:12:23.008Z] > git rev-parse --show-toplevel [2ms]
[2023-02-08T16:12:23.026Z] > git rev-parse --show-toplevel [10ms]
[2023-02-08T16:12:23.055Z] > git rev-parse --show-toplevel [2ms]
[2023-02-08T16:12:23.066Z] > git rev-parse --show-toplevel [2ms]
[2023-02-08T16:12:23.077Z] > git rev-parse --show-toplevel [1ms]
[2023-02-08T16:12:23.091Z] > git rev-parse --show-toplevel [3ms]
[2023-02-08T16:12:23.113Z] > git rev-parse --show-toplevel [13ms]
[2023-02-08T16:12:23.136Z] > git status -z -uall [240ms]
[2023-02-08T16:12:23.146Z] > git symbolic-ref --short HEAD [2ms]
[2023-02-08T16:12:23.158Z] > git for-each-ref --format=%(refname)%00%(upstream:short)%00%(objectname)%00%(upstream:track)%00%(upstream:remotename)%00%(upstream:remoteref) refs/heads/master refs/remotes/master [3ms]
[2023-02-08T16:12:23.180Z] > git remote --verbose [3ms]
[2023-02-08T16:12:23.183Z] > git for-each-ref --sort -committerdate --format %(refname) %(objectname) %(*objectname) [15ms]
[2023-02-08T16:12:28.563Z] > git fetch [5685ms]
[2023-02-08T16:12:28.592Z] > git config --get commit.template [434ms]
[2023-02-08T16:12:28.753Z] > git status -z -uall [148ms]
[2023-02-08T16:12:28.768Z] > git symbolic-ref --short HEAD [2ms]
[2023-02-08T16:12:28.780Z] > git check-ignore -v -z --stdin [70ms]
[2023-02-08T16:12:28.785Z] > git for-each-ref --format=%(refname)%00%(upstream:short)%00%(objectname)%00%(upstream:track)%00%(upstream:remotename)%00%(upstream:remoteref) refs/heads/master refs/remotes/master [6ms]
[2023-02-08T16:12:28.807Z] > git for-each-ref --sort -committerdate --format %(refname) %(objectname) %(*objectname) [12ms]
[2023-02-08T16:12:28.808Z] > git remote --verbose [3ms]
[2023-02-08T16:12:32.565Z] > git show --textconv :litenotes/resources/views/welcome.blade.php [197ms]
[2023-02-08T16:12:32.588Z] > git ls-files --stage -- /home/weiwei/litenotes/resources/views/welcome.blade.php [202ms]
[2023-02-08T16:12:32.621Z] > git config --get commit.template [296ms]
[2023-02-08T16:12:32.668Z] > git cat-file -s c8960bf957290ed16c6446659ad7e29d8fe2e939 [50ms]
[2023-02-08T16:12:32.782Z] > git status -z -uall [148ms]
[2023-02-08T16:12:32.796Z] > git symbolic-ref --short HEAD [2ms]
[2023-02-08T16:12:32.805Z] > git for-each-ref --format=%(refname)%00%(upstream:short)%00%(objectname)%00%(upstream:track)%00%(upstream:remotename)%00%(upstream:remoteref) refs/heads/master refs/remotes/master [1ms]
[2023-02-08T16:12:32.829Z] > git for-each-ref --sort -committerdate --format %(refname) %(objectname) %(*objectname) [14ms]
[2023-02-08T16:12:32.831Z] > git remote --verbose [5ms]
[2023-02-08T16:12:35.136Z] > git ls-files --stage -- /home/weiwei/litenotes/resources/views/welcome.blade.php [94ms]
[2023-02-08T16:12:35.150Z] > git config --get commit.template [135ms]
[2023-02-08T16:12:35.153Z] > git cat-file -s c8960bf957290ed16c6446659ad7e29d8fe2e939 [5ms]
[2023-02-08T16:12:36.540Z] > git show --textconv :litenotes/tailwind.config.js [27ms]
[2023-02-08T16:12:36.559Z] > git ls-files --stage -- /home/weiwei/litenotes/tailwind.config.js [22ms]
[2023-02-08T16:12:36.579Z] > git cat-file -s d44df10f29f60c5f19a6c79d93d6bbed7dbbf2ca [2ms]
[2023-02-08T16:12:36.657Z] > git status -z -uall [254ms]
[2023-02-08T16:12:36.680Z] > git symbolic-ref --short HEAD [6ms]
[2023-02-08T16:12:36.701Z] > git for-each-ref --format=%(refname)%00%(upstream:short)%00%(objectname)%00%(upstream:track)%00%(upstream:remotename)%00%(upstream:remoteref) refs/heads/master refs/remotes/master [6ms]
[2023-02-08T16:12:36.739Z] > git for-each-ref --sort -committerdate --format %(refname) %(objectname) %(*objectname) [21ms]
[2023-02-08T16:12:36.740Z] > git remote --verbose [3ms]
[2023-02-08T16:12:40.977Z] > git config --get commit.template [65ms]
[2023-02-08T16:12:46.064Z] > git status -z -uall [73ms]
[2023-02-08T16:12:46.074Z] > git symbolic-ref --short HEAD [1ms]
[2023-02-08T16:12:46.084Z] > git for-each-ref --format=%(refname)%00%(upstream:short)%00%(objectname)%00%(upstream:track)%00%(upstream:remotename)%00%(upstream:remoteref) refs/heads/master refs/remotes/master [1ms]
[2023-02-08T16:12:46.105Z] > git remote --verbose [1ms]
[2023-02-08T16:12:46.105Z] > git for-each-ref --sort -committerdate --format %(refname) %(objectname) %(*objectname) [11ms]
[2023-02-08T16:12:47.929Z] > git config --get commit.template [1696ms]
[2023-02-08T16:12:53.009Z] > git status -z -uall [66ms]
[2023-02-08T16:12:53.021Z] > git symbolic-ref --short HEAD [1ms]
[2023-02-08T16:12:53.033Z] > git for-each-ref --format=%(refname)%00%(upstream:short)%00%(objectname)%00%(upstream:track)%00%(upstream:remotename)%00%(upstream:remoteref) refs/heads/master refs/remotes/master [1ms]
[2023-02-08T16:12:53.055Z] > git remote --verbose [2ms]
[2023-02-08T16:12:53.055Z] > git for-each-ref --sort -committerdate --format %(refname) %(objectname) %(*objectname) [13ms]
[2023-02-08T16:12:54.981Z] > git config --get commit.template [1803ms]
[2023-02-08T16:13:00.063Z] > git status -z -uall [70ms]
[2023-02-08T16:13:00.078Z] > git symbolic-ref --short HEAD [2ms]
[2023-02-08T16:13:00.092Z] > git for-each-ref --format=%(refname)%00%(upstream:short)%00%(objectname)%00%(upstream:track)%00%(upstream:remotename)%00%(upstream:remoteref) refs/heads/master refs/remotes/master [2ms]
[2023-02-08T16:13:00.120Z] > git for-each-ref --sort -committerdate --format %(refname) %(objectname) %(*objectname) [15ms]
[2023-02-08T16:13:00.120Z] > git remote --verbose [1ms]
[2023-02-08T16:13:02.022Z] > git config --get commit.template [23ms]
[2023-02-08T16:13:07.100Z] > git status -z -uall [61ms]
[2023-02-08T16:13:07.114Z] > git symbolic-ref --short HEAD [2ms]
[2023-02-08T16:13:07.125Z] > git for-each-ref --format=%(refname)%00%(upstream:short)%00%(objectname)%00%(upstream:track)%00%(upstream:remotename)%00%(upstream:remoteref) refs/heads/master refs/remotes/master [1ms]
[2023-02-08T16:13:07.150Z] > git for-each-ref --sort -committerdate --format %(refname) %(objectname) %(*objectname) [13ms]
[2023-02-08T16:13:07.150Z] > git remote --verbose [1ms]
[2023-02-08T16:13:08.913Z] > git config --get commit.template [1638ms]
[2023-02-08T16:13:14.033Z] > git status -z -uall [100ms]
[2023-02-08T16:13:14.050Z] > git symbolic-ref --short HEAD [2ms]
[2023-02-08T16:13:14.066Z] > git for-each-ref --format=%(refname)%00%(upstream:short)%00%(objectname)%00%(upstream:track)%00%(upstream:remotename)%00%(upstream:remoteref) refs/heads/master refs/remotes/master [2ms]
[2023-02-08T16:13:14.099Z] > git remote --verbose [3ms]
[2023-02-08T16:13:14.100Z] > git for-each-ref --sort -committerdate --format %(refname) %(objectname) %(*objectname) [20ms]
[2023-02-08T16:13:16.101Z] > git config --get commit.template [16ms]
[2023-02-08T16:13:21.177Z] > git status -z -uall [63ms]
[2023-02-08T16:13:21.186Z] > git symbolic-ref --short HEAD [1ms]
[2023-02-08T16:13:21.197Z] > git for-each-ref --format=%(refname)%00%(upstream:short)%00%(objectname)%00%(upstream:track)%00%(upstream:remotename)%00%(upstream:remoteref) refs/heads/master refs/remotes/master [1ms]
[2023-02-08T16:13:21.217Z] > git remote --verbose [1ms]
[2023-02-08T16:13:21.218Z] > git for-each-ref --sort -committerdate --format %(refname) %(objectname) %(*objectname) [11ms]
[2023-02-08T16:13:23.143Z] > git config --get commit.template [29ms]
[2023-02-08T16:13:28.215Z] > git status -z -uall [61ms]
[2023-02-08T16:13:28.227Z] > git symbolic-ref --short HEAD [1ms]
[2023-02-08T16:13:28.237Z] > git for-each-ref --format=%(refname)%00%(upstream:short)%00%(objectname)%00%(upstream:track)%00%(upstream:remotename)%00%(upstream:remoteref) refs/heads/master refs/remotes/master [1ms]
[2023-02-08T16:13:28.259Z] > git for-each-ref --sort -committerdate --format %(refname) %(objectname) %(*objectname) [12ms]
[2023-02-08T16:13:28.260Z] > git remote --verbose [2ms]
[2023-02-08T16:13:30.217Z] > git config --get commit.template [31ms]
[2023-02-08T16:13:35.321Z] > git status -z -uall [89ms]
[2023-02-08T16:13:35.335Z] > git symbolic-ref --short HEAD [1ms]
[2023-02-08T16:13:35.352Z] > git for-each-ref --format=%(refname)%00%(upstream:short)%00%(objectname)%00%(upstream:track)%00%(upstream:remotename)%00%(upstream:remoteref) refs/heads/master refs/remotes/master [2ms]
[2023-02-08T16:13:35.381Z] > git for-each-ref --sort -committerdate --format %(refname) %(objectname) %(*objectname) [15ms]
[2023-02-08T16:13:35.382Z] > git remote --verbose [2ms]
[2023-02-08T16:13:37.519Z] > git config --get commit.template [22ms]
[2023-02-08T16:13:42.599Z] > git status -z -uall [66ms]
[2023-02-08T16:13:42.612Z] > git symbolic-ref --short HEAD [1ms]
[2023-02-08T16:13:42.625Z] > git for-each-ref --format=%(refname)%00%(upstream:short)%00%(objectname)%00%(upstream:track)%00%(upstream:remotename)%00%(upstream:remoteref) refs/heads/master refs/remotes/master [2ms]
[2023-02-08T16:13:42.651Z] > git for-each-ref --sort -committerdate --format %(refname) %(objectname) %(*objectname) [13ms]
[2023-02-08T16:13:42.652Z] > git remote --verbose [2ms]
[2023-02-08T16:13:44.456Z] > git config --get commit.template [1676ms]
[2023-02-08T16:13:49.555Z] > git status -z -uall [83ms]
[2023-02-08T16:13:49.570Z] > git symbolic-ref --short HEAD [1ms]
[2023-02-08T16:13:49.585Z] > git for-each-ref --format=%(refname)%00%(upstream:short)%00%(objectname)%00%(upstream:track)%00%(upstream:remotename)%00%(upstream:remoteref) refs/heads/master refs/remotes/master [1ms]
[2023-02-08T16:13:49.615Z] > git for-each-ref --sort -committerdate --format %(refname) %(objectname) %(*objectname) [15ms]
[2023-02-08T16:13:49.615Z] > git remote --verbose [1ms]
[2023-02-08T16:13:51.795Z] > git config --get commit.template [2045ms]
[2023-02-08T16:13:56.945Z] > git status -z -uall [135ms]
[2023-02-08T16:13:56.964Z] > git symbolic-ref --short HEAD [5ms]
[2023-02-08T16:13:56.982Z] > git for-each-ref --format=%(refname)%00%(upstream:short)%00%(objectname)%00%(upstream:track)%00%(upstream:remotename)%00%(upstream:remoteref) refs/heads/master refs/remotes/master [2ms]
[2023-02-08T16:13:57.020Z] > git for-each-ref --sort -committerdate --format %(refname) %(objectname) %(*objectname) [21ms]
[2023-02-08T16:13:57.024Z] > git remote --verbose [5ms]
[2023-02-08T16:14:02.675Z] > git config --get commit.template [16ms]
