[2023-02-22 11:47:58.299] [exthost] [info] Extension host with pid 508 started
[2023-02-22 11:47:58.346] [exthost] [error] Error: EEXIST: file already exists, open '/home/weiwei/.vscode-server/data/User/workspaceStorage/da3404f4862fbe30c4202d77e0f7f5e8/vscode.lock'
[2023-02-22 11:47:58.383] [exthost] [info] Lock '/home/weiwei/.vscode-server/data/User/workspaceStorage/da3404f4862fbe30c4202d77e0f7f5e8/vscode.lock': Could not acquire lock, checking if the file is stale.
[2023-02-22 11:47:58.391] [exthost] [info] Lock '/home/weiwei/.vscode-server/data/User/workspaceStorage/da3404f4862fbe30c4202d77e0f7f5e8/vscode.lock': The pid 647 appears to be gone.
[2023-02-22 11:47:58.391] [exthost] [info] Lock '/home/weiwei/.vscode-server/data/User/workspaceStorage/da3404f4862fbe30c4202d77e0f7f5e8/vscode.lock': Deleting a stale lock.
[2023-02-22 11:47:58.475] [exthost] [info] Lock '/home/weiwei/.vscode-server/data/User/workspaceStorage/da3404f4862fbe30c4202d77e0f7f5e8/vscode.lock': Lock acquired.
[2023-02-22 11:47:59.594] [exthost] [info] ExtensionService#_doActivateExtension onecentlin.laravel-blade, startup: false, activationEvent: 'onLanguage:blade'
[2023-02-22 11:47:59.596] [exthost] [info] ExtensionService#_doActivateExtension shufo.vscode-blade-formatter, startup: false, activationEvent: 'onLanguage:blade'
[2023-02-22 11:47:59.598] [exthost] [info] ExtensionService#_doActivateExtension vscode.debug-auto-launch, startup: true, activationEvent: '*'
[2023-02-22 11:47:59.598] [exthost] [info] ExtensionService#_doActivateExtension vscode.git-base, startup: true, activationEvent: '*', root cause: vscode.git
[2023-02-22 11:47:59.600] [exthost] [info] ExtensionService#_doActivateExtension vscode.ipynb, startup: true, activationEvent: '*'
[2023-02-22 11:48:01.592] [exthost] [info] ExtensionService#_doActivateExtension vscode.npm, startup: true, activationEvent: 'workspaceContains:package.json'
[2023-02-22 11:48:01.755] [exthost] [info] ExtensionService#_doActivateExtension vscode.git, startup: true, activationEvent: '*'
[2023-02-22 11:48:01.755] [exthost] [info] ExtensionService#_doActivateExtension vscode.github, startup: true, activationEvent: '*'
[2023-02-22 11:48:03.092] [exthost] [info] ExtensionService#_doActivateExtension vscode.emmet, startup: false, activationEvent: 'onStartupFinished'
[2023-02-22 11:48:03.094] [exthost] [info] ExtensionService#_doActivateExtension vscode.merge-conflict, startup: false, activationEvent: 'onStartupFinished'
[2023-02-22 11:48:03.095] [exthost] [info] Eager extensions activated
[2023-02-22 11:48:09.199] [exthost] [info] ExtensionService#_doActivateExtension vscode.configuration-editing, startup: false, activationEvent: 'onLanguage:jsonc'
[2023-02-22 11:48:09.200] [exthost] [info] ExtensionService#_doActivateExtension vscode.json-language-features, startup: false, activationEvent: 'onLanguage:jsonc'
[2023-02-22 11:48:09.200] [exthost] [info] ExtensionService#_doActivateExtension vscode.typescript-language-features, startup: false, activationEvent: 'onLanguage:jsonc'
