[2023-02-08 11:17:41.337] [exthost] [info] Extension host with pid 291 started
[2023-02-08 11:17:41.359] [exthost] [error] Error: EEXIST: file already exists, open '/home/weiwei/.vscode-server/data/User/workspaceStorage/da3404f4862fbe30c4202d77e0f7f5e8/vscode.lock'
[2023-02-08 11:17:41.396] [exthost] [info] Lock '/home/weiwei/.vscode-server/data/User/workspaceStorage/da3404f4862fbe30c4202d77e0f7f5e8/vscode.lock': Could not acquire lock, checking if the file is stale.
[2023-02-08 11:17:41.403] [exthost] [info] Lock '/home/weiwei/.vscode-server/data/User/workspaceStorage/da3404f4862fbe30c4202d77e0f7f5e8/vscode.lock': The pid 5810 appears to be gone.
[2023-02-08 11:17:41.404] [exthost] [info] Lock '/home/weiwei/.vscode-server/data/User/workspaceStorage/da3404f4862fbe30c4202d77e0f7f5e8/vscode.lock': Deleting a stale lock.
[2023-02-08 11:17:41.452] [exthost] [info] Lock '/home/weiwei/.vscode-server/data/User/workspaceStorage/da3404f4862fbe30c4202d77e0f7f5e8/vscode.lock': Lock acquired.
[2023-02-08 11:17:41.827] [exthost] [info] ExtensionService#_doActivateExtension vscode.typescript-language-features, startup: false, activationEvent: 'onLanguage:javascript'
[2023-02-08 11:17:41.830] [exthost] [info] ExtensionService#_doActivateExtension vscode.debug-auto-launch, startup: true, activationEvent: '*'
[2023-02-08 11:17:41.841] [exthost] [info] ExtensionService#_doActivateExtension vscode.git-base, startup: true, activationEvent: '*', root cause: vscode.git
[2023-02-08 11:17:41.842] [exthost] [info] ExtensionService#_doActivateExtension vscode.ipynb, startup: true, activationEvent: '*'
[2023-02-08 11:17:42.396] [exthost] [info] ExtensionService#_doActivateExtension vscode.npm, startup: true, activationEvent: 'workspaceContains:package.json'
[2023-02-08 11:17:43.393] [exthost] [info] ExtensionService#_doActivateExtension vscode.git, startup: true, activationEvent: '*'
[2023-02-08 11:17:43.394] [exthost] [info] ExtensionService#_doActivateExtension vscode.github, startup: true, activationEvent: '*'
[2023-02-08 11:17:47.036] [exthost] [info] ExtensionService#_doActivateExtension vscode.emmet, startup: false, activationEvent: 'onStartupFinished'
[2023-02-08 11:17:47.037] [exthost] [info] ExtensionService#_doActivateExtension vscode.merge-conflict, startup: false, activationEvent: 'onStartupFinished'
[2023-02-08 11:17:47.083] [exthost] [info] Eager extensions activated
[2023-02-08 11:17:49.128] [exthost] [warning] [Decorations] CAPPING events from decorations provider vscode.git 7886
[2023-02-08 11:17:55.701] [exthost] [warning] [Decorations] CAPPING events from decorations provider vscode.git 7886
[2023-02-08 11:18:03.394] [exthost] [warning] [Decorations] CAPPING events from decorations provider vscode.git 7886
[2023-02-08 11:18:06.935] [exthost] [info] Extension host terminating: received terminate message from renderer
[2023-02-08 11:18:06.936] [exthost] [info] Lock '/home/weiwei/.vscode-server/data/User/workspaceStorage/da3404f4862fbe30c4202d77e0f7f5e8/vscode.lock': Marking the lockfile as scheduled to be released in 6000 ms.
[2023-02-08 11:18:06.975] [exthost] [info] Extension host with pid 291 exiting with code 0
