[2023-02-08T16:17:44.455Z] Log level: Info
[2023-02-08T16:17:44.502Z] [info] Validating found git in: git
[2023-02-08T16:17:44.717Z] [info] Using git 2.34.1 from git
[2023-02-08T16:17:44.868Z] > git rev-parse --show-toplevel [107ms]
[2023-02-08T16:17:44.923Z] > git rev-parse --git-dir --git-common-dir [20ms]
[2023-02-08T16:17:44.961Z] [info] Open repository: /home/weiwei
[2023-02-08T16:17:45.025Z] > git rev-parse --show-toplevel [14ms]
[2023-02-08T16:17:45.041Z] > git rev-parse --show-toplevel [4ms]
[2023-02-08T16:17:45.061Z] > git rev-parse --show-toplevel [5ms]
[2023-02-08T16:17:45.126Z] > git rev-parse --show-toplevel [40ms]
[2023-02-08T16:17:45.146Z] > git rev-parse --show-toplevel [3ms]
[2023-02-08T16:17:45.159Z] > git rev-parse --show-toplevel [4ms]
[2023-02-08T16:17:45.180Z] > git rev-parse --show-toplevel [3ms]
[2023-02-08T16:17:45.196Z] > git rev-parse --show-toplevel [5ms]
[2023-02-08T16:17:45.237Z] > git rev-parse --show-toplevel [12ms]
[2023-02-08T16:17:45.257Z] > git rev-parse --show-toplevel [2ms]
[2023-02-08T16:17:45.279Z] > git rev-parse --show-toplevel [1ms]
[2023-02-08T16:17:45.300Z] > git rev-parse --show-toplevel [2ms]
[2023-02-08T16:17:45.497Z] > git ls-files --stage -- /home/weiwei/litenotes/tailwind.config.js [67ms]
[2023-02-08T16:17:45.566Z] > git cat-file -s d44df10f29f60c5f19a6c79d93d6bbed7dbbf2ca [62ms]
[2023-02-08T16:17:45.589Z] > git show --textconv :litenotes/tailwind.config.js [186ms]
[2023-02-08T16:17:45.762Z] > git check-ignore -v -z --stdin [130ms]
[2023-02-08T16:17:48.450Z] > git status -z -uall [3452ms]
[2023-02-08T16:17:48.478Z] > git symbolic-ref --short HEAD [7ms]
[2023-02-08T16:17:48.547Z] > git for-each-ref --format=%(refname)%00%(upstream:short)%00%(objectname)%00%(upstream:track)%00%(upstream:remotename)%00%(upstream:remoteref) refs/heads/master refs/remotes/master [55ms]
[2023-02-08T16:17:48.582Z] > git for-each-ref --sort -committerdate --format %(refname) %(objectname) %(*objectname) [25ms]
[2023-02-08T16:17:48.585Z] > git remote --verbose [6ms]
[2023-02-08T16:17:54.888Z] > git config --get commit.template [42ms]
[2023-02-08T16:17:55.160Z] > git status -z -uall [252ms]
[2023-02-08T16:17:55.171Z] > git symbolic-ref --short HEAD [2ms]
[2023-02-08T16:17:55.184Z] > git for-each-ref --format=%(refname)%00%(upstream:short)%00%(objectname)%00%(upstream:track)%00%(upstream:remotename)%00%(upstream:remoteref) refs/heads/master refs/remotes/master [3ms]
[2023-02-08T16:17:55.210Z] > git remote --verbose [2ms]
[2023-02-08T16:17:55.210Z] > git for-each-ref --sort -committerdate --format %(refname) %(objectname) %(*objectname) [12ms]
[2023-02-08T16:18:00.488Z] > git config --get commit.template [51ms]
[2023-02-08T16:18:01.968Z] > git ls-files --stage -- /home/weiwei/litenotes/tailwind.config.js [14ms]
[2023-02-08T16:18:01.981Z] > git cat-file -s d44df10f29f60c5f19a6c79d93d6bbed7dbbf2ca [2ms]
[2023-02-08T16:18:02.001Z] > git show --textconv :litenotes/tailwind.config.js [5ms]
[2023-02-08T16:18:03.135Z] > git fetch [2630ms]
[2023-02-08T16:18:03.221Z] > git status -z -uall [79ms]
[2023-02-08T16:18:03.230Z] > git symbolic-ref --short HEAD [2ms]
[2023-02-08T16:18:03.238Z] > git for-each-ref --format=%(refname)%00%(upstream:short)%00%(objectname)%00%(upstream:track)%00%(upstream:remotename)%00%(upstream:remoteref) refs/heads/master refs/remotes/master [1ms]
[2023-02-08T16:18:03.255Z] > git remote --verbose [1ms]
[2023-02-08T16:18:03.255Z] > git for-each-ref --sort -committerdate --format %(refname) %(objectname) %(*objectname) [7ms]
[2023-02-08T16:18:05.393Z] > git config --get commit.template [32ms]
[2023-02-08T16:18:05.641Z] > git ls-files --stage -- /home/weiwei/litenotes/tailwind.config.js [8ms]
[2023-02-08T16:18:05.653Z] > git cat-file -s d44df10f29f60c5f19a6c79d93d6bbed7dbbf2ca [2ms]
[2023-02-08T16:18:05.680Z] > git show --textconv :litenotes/tailwind.config.js [6ms]
