[2023-02-08 11:12:19.172] [exthost] [info] Extension host with pid 5810 started
[2023-02-08 11:12:19.187] [exthost] [error] Error: EEXIST: file already exists, open '/home/weiwei/.vscode-server/data/User/workspaceStorage/da3404f4862fbe30c4202d77e0f7f5e8/vscode.lock'
[2023-02-08 11:12:19.227] [exthost] [info] Lock '/home/weiwei/.vscode-server/data/User/workspaceStorage/da3404f4862fbe30c4202d77e0f7f5e8/vscode.lock': Could not acquire lock, checking if the file is stale.
[2023-02-08 11:12:19.247] [exthost] [info] Lock '/home/weiwei/.vscode-server/data/User/workspaceStorage/da3404f4862fbe30c4202d77e0f7f5e8/vscode.lock': The pid 4712 appears to be gone.
[2023-02-08 11:12:19.248] [exthost] [info] Lock '/home/weiwei/.vscode-server/data/User/workspaceStorage/da3404f4862fbe30c4202d77e0f7f5e8/vscode.lock': Deleting a stale lock.
[2023-02-08 11:12:19.284] [exthost] [info] Lock '/home/weiwei/.vscode-server/data/User/workspaceStorage/da3404f4862fbe30c4202d77e0f7f5e8/vscode.lock': Lock acquired.
[2023-02-08 11:12:20.240] [exthost] [info] ExtensionService#_doActivateExtension onecentlin.laravel-blade, startup: false, activationEvent: 'onLanguage:blade'
[2023-02-08 11:12:20.243] [exthost] [info] ExtensionService#_doActivateExtension shufo.vscode-blade-formatter, startup: false, activationEvent: 'onLanguage:blade'
[2023-02-08 11:12:20.246] [exthost] [info] ExtensionService#_doActivateExtension vscode.debug-auto-launch, startup: true, activationEvent: '*'
[2023-02-08 11:12:20.247] [exthost] [info] ExtensionService#_doActivateExtension vscode.git-base, startup: true, activationEvent: '*', root cause: vscode.git
[2023-02-08 11:12:20.248] [exthost] [info] ExtensionService#_doActivateExtension vscode.ipynb, startup: true, activationEvent: '*'
[2023-02-08 11:12:21.653] [exthost] [info] ExtensionService#_doActivateExtension vscode.npm, startup: true, activationEvent: 'workspaceContains:package.json'
[2023-02-08 11:12:22.231] [exthost] [info] ExtensionService#_doActivateExtension vscode.git, startup: true, activationEvent: '*'
[2023-02-08 11:12:22.233] [exthost] [info] ExtensionService#_doActivateExtension vscode.github, startup: true, activationEvent: '*'
[2023-02-08 11:12:23.533] [exthost] [warning] [Decorations] CAPPING events from decorations provider vscode.git 7862
[2023-02-08 11:12:28.229] [exthost] [info] ExtensionService#_doActivateExtension vscode.configuration-editing, startup: false, activationEvent: 'onLanguage:jsonc'
[2023-02-08 11:12:28.230] [exthost] [info] ExtensionService#_doActivateExtension vscode.json-language-features, startup: false, activationEvent: 'onLanguage:jsonc'
[2023-02-08 11:12:28.232] [exthost] [info] ExtensionService#_doActivateExtension vscode.typescript-language-features, startup: false, activationEvent: 'onLanguage:jsonc'
[2023-02-08 11:12:29.104] [exthost] [warning] [Decorations] CAPPING events from decorations provider vscode.git 7864
[2023-02-08 11:12:32.507] [exthost] [info] ExtensionService#_doActivateExtension vscode.emmet, startup: false, activationEvent: 'onStartupFinished'
[2023-02-08 11:12:32.508] [exthost] [info] ExtensionService#_doActivateExtension vscode.merge-conflict, startup: false, activationEvent: 'onStartupFinished'
[2023-02-08 11:12:33.013] [exthost] [warning] [Decorations] CAPPING events from decorations provider vscode.git 7864
[2023-02-08 11:12:35.133] [exthost] [info] Eager extensions activated
[2023-02-08 11:12:36.994] [exthost] [warning] [Decorations] CAPPING events from decorations provider vscode.git 7866
[2023-02-08 11:12:46.209] [exthost] [warning] [Decorations] CAPPING events from decorations provider vscode.git 7866
[2023-02-08 11:12:53.154] [exthost] [warning] [Decorations] CAPPING events from decorations provider vscode.git 7866
[2023-02-08 11:13:00.242] [exthost] [warning] [Decorations] CAPPING events from decorations provider vscode.git 7866
[2023-02-08 11:13:07.246] [exthost] [warning] [Decorations] CAPPING events from decorations provider vscode.git 7866
[2023-02-08 11:13:14.266] [exthost] [warning] [Decorations] CAPPING events from decorations provider vscode.git 7866
[2023-02-08 11:13:21.319] [exthost] [warning] [Decorations] CAPPING events from decorations provider vscode.git 7866
[2023-02-08 11:13:28.362] [exthost] [warning] [Decorations] CAPPING events from decorations provider vscode.git 7869
[2023-02-08 11:13:35.587] [exthost] [warning] [Decorations] CAPPING events from decorations provider vscode.git 7869
[2023-02-08 11:13:42.749] [exthost] [warning] [Decorations] CAPPING events from decorations provider vscode.git 7869
[2023-02-08 11:13:49.720] [exthost] [warning] [Decorations] CAPPING events from decorations provider vscode.git 7869
[2023-02-08 11:13:57.290] [exthost] [warning] [Decorations] CAPPING events from decorations provider vscode.git 7869
