[2023-01-31T17:31:46.340Z] Log level: Info
[2023-01-31T17:31:46.358Z] [info] Validating found git in: git
[2023-01-31T17:31:46.441Z] [info] Using git 2.34.1 from git
[2023-01-31T17:31:46.492Z] > git rev-parse --show-toplevel [7ms]
[2023-01-31T17:31:46.492Z] fatal: not a git repository (or any of the parent directories): .git
[2023-01-31T17:31:46.523Z] > git rev-parse --show-toplevel [1ms]
[2023-01-31T17:31:46.523Z] fatal: not a git repository (or any of the parent directories): .git
[2023-01-31T17:31:46.545Z] > git rev-parse --show-toplevel [2ms]
[2023-01-31T17:31:46.545Z] fatal: not a git repository (or any of the parent directories): .git
[2023-01-31T17:31:46.552Z] > git rev-parse --show-toplevel [1ms]
[2023-01-31T17:31:46.552Z] fatal: not a git repository (or any of the parent directories): .git
[2023-01-31T17:31:46.567Z] > git rev-parse --show-toplevel [1ms]
[2023-01-31T17:31:46.567Z] fatal: not a git repository (or any of the parent directories): .git
[2023-01-31T17:31:46.577Z] > git rev-parse --show-toplevel [4ms]
[2023-01-31T17:31:46.577Z] fatal: not a git repository (or any of the parent directories): .git
[2023-01-31T17:31:46.588Z] > git rev-parse --show-toplevel [2ms]
[2023-01-31T17:31:46.588Z] fatal: not a git repository (or any of the parent directories): .git
[2023-01-31T17:31:47.173Z] > git rev-parse --show-toplevel [19ms]
[2023-01-31T17:31:47.173Z] fatal: not a git repository (or any of the parent directories): .git
[2023-01-31T17:31:47.185Z] > git rev-parse --show-toplevel [6ms]
[2023-01-31T17:31:47.185Z] fatal: not a git repository (or any of the parent directories): .git
[2023-01-31T17:31:47.191Z] > git rev-parse --show-toplevel [1ms]
[2023-01-31T17:31:47.191Z] fatal: not a git repository (or any of the parent directories): .git
[2023-01-31T17:31:47.225Z] > git rev-parse --show-toplevel [29ms]
[2023-01-31T17:31:47.225Z] fatal: not a git repository (or any of the parent directories): .git
[2023-01-31T17:31:47.263Z] > git rev-parse --show-toplevel [33ms]
[2023-01-31T17:31:47.263Z] fatal: not a git repository (or any of the parent directories): .git
[2023-01-31T17:31:47.762Z] > git rev-parse --show-toplevel [1ms]
[2023-01-31T17:31:47.762Z] fatal: not a git repository (or any of the parent directories): .git
[2023-01-31T17:46:29.174Z] > git rev-parse --show-toplevel [2ms]
[2023-01-31T17:46:29.174Z] fatal: not a git repository (or any of the parent directories): .git
[2023-01-31T18:08:58.630Z] > git rev-parse --show-toplevel [1ms]
[2023-01-31T18:08:58.630Z] fatal: not a git repository (or any of the parent directories): .git
