[Info  - 1:43:01 PM] Initialising intelephense 1.9.5
[Info  - 1:43:01 PM] Initialised in 22 ms
[Info  - 1:43:01 PM] Environment changed. Refreshing 1 in memory documents.
[Info  - 1:43:01 PM] Searching file:///home/weiwei/.vscode-server/extensions/bmewburn.vscode-intelephense-client-1.9.5/node_modules/intelephense/lib/stub for files to index.
[Info  - 1:43:02 PM] Searching file:///home/weiwei for files to index.
[Warn  - 1:43:04 PM] file:///home/weiwei/example-app/vendor/fakerphp/faker/src/Faker/Provider/nl_BE/Text.php is over the maximum file size of 1000000 bytes.
[Warn  - 1:43:04 PM] file:///home/weiwei/litenotes/vendor/fakerphp/faker/src/Faker/Provider/nl_BE/Text.php is over the maximum file size of 1000000 bytes.
[Info  - 1:43:04 PM] Indexing started.
[Info  - 1:43:50 PM] Indexing ended. 13475 files indexed in 44s.
[Info  - 1:43:50 PM] Writing state to /home/weiwei/.vscode-server/data/User/workspaceStorage/49c464b336ab42cf011bd81fa274147f/bmewburn.vscode-intelephense-client/3dd1575a.
[Info  - 1:43:51 PM] Indexing started.
[Info  - 1:43:52 PM] Wrote state in 2.8s.
[Info  - 1:43:52 PM] Indexing ended. 1 files indexed in 0s.
[Info  - 1:43:53 PM] Indexing started.
[Info  - 1:43:53 PM] Indexing ended. 1 files indexed in 0s.
[Info  - 2:02:33 PM] Indexing started.
[Info  - 2:02:34 PM] Indexing ended. 2 files indexed in 0s.
[Info  - 2:02:35 PM] Indexing started.
[Info  - 2:02:36 PM] Indexing ended. 2 files indexed in 0s.
[Info  - 2:02:38 PM] Indexing started.
[Info  - 2:02:38 PM] Indexing ended. 2 files indexed in 0s.
[Info  - 2:02:41 PM] Indexing started.
[Info  - 2:02:41 PM] Indexing ended. 1 files indexed in 0s.
[Info  - 2:02:42 PM] Indexing started.
[Info  - 2:02:42 PM] Indexing ended. 1 files indexed in 0s.
[Info  - 2:05:00 PM] Indexing started.
[Info  - 2:05:01 PM] Indexing ended. 2 files indexed in 0s.
[Info  - 2:05:01 PM] Indexing started.
[Info  - 2:05:01 PM] Indexing ended. 1 files indexed in 0s.
[Info  - 2:05:09 PM] Indexing started.
[Info  - 2:05:10 PM] Indexing ended. 2 files indexed in 0s.
[Info  - 2:05:10 PM] Indexing started.
[Info  - 2:05:11 PM] Indexing ended. 1 files indexed in 0s.
[Info  - 2:05:12 PM] Indexing started.
[Info  - 2:05:12 PM] Indexing ended. 2 files indexed in 0s.
[Info  - 2:05:17 PM] Indexing started.
[Info  - 2:05:17 PM] Indexing ended. 1 files indexed in 0s.
[Info  - 2:05:24 PM] Indexing started.
[Info  - 2:05:24 PM] Indexing ended. 1 files indexed in 0s.
[Info  - 2:05:25 PM] Indexing started.
[Info  - 2:05:26 PM] Indexing ended. 1 files indexed in 0s.
[Info  - 2:06:44 PM] Indexing started.
[Info  - 2:06:44 PM] Indexing ended. 2 files indexed in 0s.
[Info  - 2:06:46 PM] Indexing started.
[Info  - 2:06:46 PM] Indexing ended. 1 files indexed in 0s.
[Info  - 2:07:11 PM] Indexing started.
[Info  - 2:07:11 PM] Indexing ended. 2 files indexed in 0s.
[Info  - 2:07:12 PM] Indexing started.
[Info  - 2:07:12 PM] Indexing ended. 1 files indexed in 0s.
[Info  - 2:07:20 PM] Indexing started.
[Info  - 2:07:21 PM] Indexing ended. 2 files indexed in 0s.
[Info  - 2:07:23 PM] Indexing started.
[Info  - 2:07:23 PM] Indexing ended. 2 files indexed in 0s.
[Info  - 2:07:24 PM] Indexing started.
[Info  - 2:07:24 PM] Indexing ended. 1 files indexed in 0s.
[Info  - 2:07:29 PM] Indexing started.
[Info  - 2:07:30 PM] Indexing ended. 2 files indexed in 0s.
[Info  - 2:07:31 PM] Indexing started.
[Info  - 2:07:31 PM] Indexing ended. 1 files indexed in 0s.
[Info  - 2:07:37 PM] Indexing started.
[Info  - 2:07:37 PM] Indexing ended. 2 files indexed in 0s.
[Info  - 2:09:47 PM] Indexing started.
[Info  - 2:09:47 PM] Indexing ended. 1 files indexed in 0s.
[Info  - 2:15:26 PM] Indexing started.
[Info  - 2:15:26 PM] Indexing ended. 2 files indexed in 0s.
[Info  - 2:15:45 PM] Indexing started.
[Info  - 2:15:45 PM] Indexing ended. 1 files indexed in 0s.
[Info  - 2:16:52 PM] Indexing started.
[Info  - 2:16:52 PM] Indexing ended. 1 files indexed in 0s.
[Info  - 2:17:02 PM] Indexing started.
[Info  - 2:17:03 PM] Indexing ended. 2 files indexed in 0s.
[Info  - 2:17:05 PM] Indexing started.
[Info  - 2:17:05 PM] Indexing ended. 1 files indexed in 0s.
[Info  - 2:17:13 PM] Indexing started.
[Info  - 2:17:13 PM] Indexing ended. 3 files indexed in 0s.
[Info  - 2:17:24 PM] Indexing started.
[Info  - 2:17:24 PM] Indexing ended. 1 files indexed in 0s.
[Info  - 2:19:45 PM] Indexing started.
[Info  - 2:19:45 PM] Indexing ended. 2 files indexed in 0s.
[Info  - 2:19:49 PM] Indexing started.
[Info  - 2:19:49 PM] Indexing ended. 2 files indexed in 0s.
[Info  - 2:19:57 PM] Indexing started.
[Info  - 2:19:57 PM] Indexing ended. 2 files indexed in 0s.
[Info  - 2:19:57 PM] Indexing started.
[Info  - 2:19:57 PM] Indexing ended. 1 files indexed in 0s.
[Info  - 2:20:10 PM] Indexing started.
[Info  - 2:20:10 PM] Indexing ended. 2 files indexed in 0s.
[Info  - 2:20:14 PM] Indexing started.
[Info  - 2:20:14 PM] Indexing ended. 1 files indexed in 0s.
[Info  - 2:20:23 PM] Indexing started.
[Info  - 2:20:24 PM] Indexing ended. 2 files indexed in 0s.
[Info  - 2:20:27 PM] Indexing started.
[Info  - 2:20:28 PM] Indexing ended. 1 files indexed in 0s.
[Info  - 2:20:59 PM] Indexing started.
[Info  - 2:20:59 PM] Indexing ended. 2 files indexed in 0s.
[Info  - 2:21:09 PM] Indexing started.
[Info  - 2:21:09 PM] Indexing ended. 1 files indexed in 0s.
[Info  - 2:32:07 PM] Indexing started.
[Info  - 2:32:07 PM] Indexing ended. 1 files indexed in 0s.
[Info  - 2:32:11 PM] Indexing started.
[Info  - 2:32:11 PM] Indexing ended. 1 files indexed in 0s.
[Info  - 2:32:13 PM] Indexing started.
[Info  - 2:32:13 PM] Indexing ended. 1 files indexed in 0s.
[Info  - 2:33:06 PM] Indexing started.
[Info  - 2:33:06 PM] Indexing ended. 2 files indexed in 0s.
[Info  - 2:33:08 PM] Indexing started.
[Info  - 2:33:08 PM] Indexing ended. 2 files indexed in 0s.
[Info  - 2:33:13 PM] Indexing started.
[Info  - 2:33:14 PM] Indexing ended. 2 files indexed in 0s.
[Info  - 2:33:16 PM] Indexing started.
[Info  - 2:33:17 PM] Indexing ended. 2 files indexed in 0s.
[Info  - 2:33:21 PM] Indexing started.
[Info  - 2:33:22 PM] Indexing ended. 2 files indexed in 0s.
[Info  - 2:33:23 PM] Indexing started.
[Info  - 2:33:23 PM] Indexing ended. 2 files indexed in 0s.
[Info  - 2:33:27 PM] Indexing started.
[Info  - 2:33:27 PM] Indexing ended. 2 files indexed in 0s.
[Info  - 2:35:51 PM] Indexing started.
[Info  - 2:35:51 PM] Indexing ended. 2 files indexed in 0s.
[Info  - 2:35:56 PM] Indexing started.
[Info  - 2:35:56 PM] Indexing ended. 2 files indexed in 0s.
[Info  - 2:35:57 PM] Indexing started.
[Info  - 2:35:58 PM] Indexing ended. 2 files indexed in 0s.
[Info  - 2:36:05 PM] Indexing started.
[Info  - 2:36:05 PM] Indexing ended. 2 files indexed in 0s.
[Info  - 2:36:06 PM] Indexing started.
[Info  - 2:36:06 PM] Indexing ended. 2 files indexed in 0s.
[Info  - 2:36:12 PM] Indexing started.
[Info  - 2:36:12 PM] Indexing ended. 2 files indexed in 0s.
[Info  - 2:39:34 PM] Indexing started.
[Info  - 2:39:34 PM] Indexing ended. 1 files indexed in 0s.
[Info  - 2:41:31 PM] Indexing started.
[Info  - 2:41:31 PM] Indexing ended. 1 files indexed in 0s.
[Info  - 2:42:06 PM] Indexing started.
[Info  - 2:42:06 PM] Indexing ended. 2 files indexed in 0s.
[Info  - 2:44:08 PM] Indexing started.
[Info  - 2:44:08 PM] Indexing ended. 2 files indexed in 0s.
[Info  - 2:45:16 PM] Indexing started.
[Info  - 2:45:17 PM] Indexing ended. 2 files indexed in 0s.
[Info  - 2:47:41 PM] Indexing started.
[Info  - 2:47:41 PM] Indexing ended. 2 files indexed in 0s.
[Info  - 2:47:52 PM] Indexing started.
[Info  - 2:47:53 PM] Indexing ended. 2 files indexed in 0s.
[Info  - 2:47:54 PM] Indexing started.
[Info  - 2:47:55 PM] Indexing ended. 2 files indexed in 0s.
[Info  - 2:48:00 PM] Indexing started.
[Info  - 2:48:00 PM] Indexing ended. 2 files indexed in 0s.
[Info  - 2:48:00 PM] Indexing started.
[Info  - 2:48:01 PM] Indexing ended. 1 files indexed in 0s.
[Info  - 2:48:06 PM] Indexing started.
[Info  - 2:48:06 PM] Indexing ended. 2 files indexed in 0s.
[Info  - 2:48:19 PM] Indexing started.
[Info  - 2:48:19 PM] Indexing ended. 1 files indexed in 0s.
[Info  - 2:50:11 PM] Indexing started.
[Info  - 2:50:11 PM] Indexing ended. 2 files indexed in 0s.
[Info  - 2:50:18 PM] Indexing started.
[Info  - 2:50:18 PM] Indexing ended. 2 files indexed in 0s.
[Info  - 2:50:41 PM] Indexing started.
[Info  - 2:50:41 PM] Indexing ended. 2 files indexed in 0s.
[Info  - 2:50:42 PM] Indexing started.
[Info  - 2:50:42 PM] Indexing ended. 2 files indexed in 0s.
[Info  - 2:50:49 PM] Indexing started.
[Info  - 2:50:49 PM] Indexing ended. 2 files indexed in 0s.
[Info  - 2:50:53 PM] Indexing started.
[Info  - 2:50:53 PM] Indexing ended. 2 files indexed in 0s.
[Info  - 2:51:01 PM] Indexing started.
[Info  - 2:51:01 PM] Indexing ended. 2 files indexed in 0s.
[Info  - 2:51:09 PM] Indexing started.
[Info  - 2:51:09 PM] Indexing ended. 2 files indexed in 0s.
[Info  - 2:54:07 PM] Indexing started.
[Info  - 2:54:08 PM] Indexing ended. 2 files indexed in 0s.
[Info  - 2:54:12 PM] Indexing started.
[Info  - 2:54:12 PM] Indexing ended. 2 files indexed in 0s.
[Info  - 2:54:15 PM] Indexing started.
[Info  - 2:54:15 PM] Indexing ended. 2 files indexed in 0s.
[Info  - 2:54:19 PM] Indexing started.
[Info  - 2:54:20 PM] Indexing ended. 2 files indexed in 0s.
[Info  - 2:54:24 PM] Indexing started.
[Info  - 2:54:24 PM] Indexing ended. 2 files indexed in 0s.
[Info  - 2:54:28 PM] Indexing started.
[Info  - 2:54:28 PM] Indexing ended. 2 files indexed in 0s.
[Info  - 2:54:34 PM] Indexing started.
[Info  - 2:54:34 PM] Indexing ended. 1 files indexed in 0s.
[Info  - 3:06:13 PM] Indexing started.
[Info  - 3:06:14 PM] Indexing ended. 1 files indexed in 0s.
[Info  - 3:06:14 PM] Indexing started.
[Info  - 3:06:14 PM] Indexing ended. 1 files indexed in 0s.
[Info  - 3:06:17 PM] Indexing started.
[Info  - 3:06:17 PM] Indexing ended. 1 files indexed in 0s.
[Info  - 3:06:25 PM] Indexing started.
[Info  - 3:06:25 PM] Indexing ended. 1 files indexed in 0s.
[Info  - 3:07:06 PM] Indexing started.
[Info  - 3:07:06 PM] Indexing ended. 1 files indexed in 0s.
[Info  - 3:07:20 PM] Indexing started.
[Info  - 3:07:21 PM] Indexing ended. 2 files indexed in 0s.
[Info  - 3:07:47 PM] Indexing started.
[Info  - 3:07:47 PM] Indexing ended. 2 files indexed in 0s.
[Info  - 3:07:50 PM] Indexing started.
[Info  - 3:07:50 PM] Indexing ended. 2 files indexed in 0s.
[Info  - 3:07:55 PM] Indexing started.
[Info  - 3:07:55 PM] Indexing ended. 2 files indexed in 0s.
[Info  - 3:07:57 PM] Indexing started.
[Info  - 3:07:57 PM] Indexing ended. 2 files indexed in 0s.
[Info  - 3:07:58 PM] Indexing started.
[Info  - 3:07:59 PM] Indexing ended. 2 files indexed in 0s.
[Info  - 3:08:02 PM] Indexing started.
[Info  - 3:08:02 PM] Indexing ended. 2 files indexed in 0s.
[Info  - 3:08:14 PM] Indexing started.
[Info  - 3:08:15 PM] Indexing ended. 2 files indexed in 0s.
[Info  - 3:08:21 PM] Indexing started.
[Info  - 3:08:21 PM] Indexing ended. 1 files indexed in 0s.
[Info  - 3:08:56 PM] Indexing started.
[Info  - 3:08:57 PM] Indexing ended. 3 files indexed in 0s.
[Info  - 3:09:05 PM] Indexing started.
[Info  - 3:09:05 PM] Indexing ended. 3 files indexed in 0s.
[Info  - 3:09:26 PM] Indexing started.
[Info  - 3:09:27 PM] Indexing ended. 3 files indexed in 0s.
[Info  - 3:09:27 PM] Indexing started.
[Info  - 3:09:27 PM] Indexing ended. 3 files indexed in 0s.
[Info  - 3:09:34 PM] Indexing started.
[Info  - 3:09:34 PM] Indexing ended. 3 files indexed in 0s.
[Info  - 3:09:38 PM] Indexing started.
[Info  - 3:09:39 PM] Indexing ended. 3 files indexed in 0s.
[Info  - 3:09:40 PM] Indexing started.
[Info  - 3:09:40 PM] Indexing ended. 3 files indexed in 0s.
[Info  - 3:09:50 PM] Indexing started.
[Info  - 3:09:50 PM] Indexing ended. 3 files indexed in 0s.
[Info  - 3:09:54 PM] Indexing started.
[Info  - 3:09:54 PM] Indexing ended. 3 files indexed in 0s.
[Info  - 3:10:04 PM] Indexing started.
[Info  - 3:10:04 PM] Indexing ended. 3 files indexed in 0s.
[Info  - 3:10:14 PM] Indexing started.
[Info  - 3:10:14 PM] Indexing ended. 3 files indexed in 0s.
[Info  - 3:10:15 PM] Indexing started.
[Info  - 3:10:15 PM] Indexing ended. 1 files indexed in 0s.
[Info  - 3:10:24 PM] Indexing started.
[Info  - 3:10:24 PM] Indexing ended. 1 files indexed in 0s.
[Info  - 3:10:25 PM] Indexing started.
[Info  - 3:10:25 PM] Indexing ended. 2 files indexed in 0s.
[Info  - 3:10:27 PM] Indexing started.
[Info  - 3:10:27 PM] Indexing ended. 3 files indexed in 0s.
[Info  - 3:10:29 PM] Indexing started.
[Info  - 3:10:29 PM] Indexing ended. 3 files indexed in 0s.
[Info  - 3:10:38 PM] Indexing started.
[Info  - 3:10:38 PM] Indexing ended. 3 files indexed in 0s.
[Info  - 3:10:46 PM] Indexing started.
[Info  - 3:10:46 PM] Indexing ended. 3 files indexed in 0s.
[Info  - 3:10:56 PM] Indexing started.
[Info  - 3:10:56 PM] Indexing ended. 3 files indexed in 0s.
[Info  - 3:11:05 PM] Indexing started.
[Info  - 3:11:06 PM] Indexing ended. 3 files indexed in 0s.
[Info  - 3:11:06 PM] Indexing started.
[Info  - 3:11:06 PM] Indexing ended. 3 files indexed in 0s.
[Info  - 3:11:10 PM] Indexing started.
[Info  - 3:11:10 PM] Indexing ended. 3 files indexed in 0s.
[Info  - 3:11:14 PM] Indexing started.
[Info  - 3:11:14 PM] Indexing ended. 3 files indexed in 0s.
[Info  - 3:12:18 PM] Indexing started.
[Info  - 3:12:18 PM] Indexing ended. 2 files indexed in 0s.
[Info  - 3:12:52 PM] Indexing started.
[Info  - 3:12:52 PM] Indexing ended. 2 files indexed in 0s.
[Info  - 3:12:58 PM] Indexing started.
[Info  - 3:12:58 PM] Indexing ended. 2 files indexed in 0s.
[Info  - 3:13:00 PM] Indexing started.
[Info  - 3:13:01 PM] Indexing ended. 2 files indexed in 0s.
[Info  - 3:14:17 PM] Indexing started.
[Info  - 3:14:17 PM] Indexing ended. 2 files indexed in 0s.
[Info  - 3:14:18 PM] Indexing started.
[Info  - 3:14:18 PM] Indexing ended. 1 files indexed in 0s.
[Info  - 3:14:48 PM] Indexing started.
[Info  - 3:14:48 PM] Indexing ended. 3 files indexed in 0s.
[Info  - 3:14:51 PM] Indexing started.
[Info  - 3:14:51 PM] Indexing ended. 3 files indexed in 0s.
[Info  - 3:15:04 PM] Indexing started.
[Info  - 3:15:04 PM] Indexing ended. 3 files indexed in 0s.
[Info  - 3:15:06 PM] Indexing started.
[Info  - 3:15:06 PM] Indexing ended. 3 files indexed in 0s.
[Info  - 3:15:11 PM] Indexing started.
[Info  - 3:15:11 PM] Indexing ended. 3 files indexed in 0s.
[Info  - 3:15:13 PM] Indexing started.
[Info  - 3:15:13 PM] Indexing ended. 3 files indexed in 0s.
[Info  - 3:15:46 PM] Indexing started.
[Info  - 3:15:47 PM] Indexing ended. 2 files indexed in 0s.
[Info  - 3:16:25 PM] Indexing started.
[Info  - 3:16:26 PM] Indexing ended. 2 files indexed in 0s.
[Info  - 3:16:39 PM] Indexing started.
[Info  - 3:16:40 PM] Indexing ended. 2 files indexed in 0s.
[Info  - 3:16:40 PM] Indexing started.
[Info  - 3:16:40 PM] Indexing ended. 2 files indexed in 0s.
[Info  - 3:16:51 PM] Indexing started.
[Info  - 3:16:52 PM] Indexing ended. 2 files indexed in 0s.
[Info  - 3:16:56 PM] Indexing started.
[Info  - 3:16:56 PM] Indexing ended. 2 files indexed in 0s.
[Info  - 3:19:41 PM] Indexing started.
[Info  - 3:19:42 PM] Indexing ended. 4 files indexed in 0s.
[Info  - 3:19:44 PM] Indexing started.
[Info  - 3:19:44 PM] Indexing ended. 3 files indexed in 0s.
[Info  - 3:19:46 PM] Indexing started.
[Info  - 3:19:46 PM] Indexing ended. 3 files indexed in 0s.
[Info  - 3:19:53 PM] Indexing started.
[Info  - 3:19:53 PM] Indexing ended. 3 files indexed in 0s.
[Info  - 3:20:05 PM] Indexing started.
[Info  - 3:20:05 PM] Indexing ended. 3 files indexed in 0s.
[Info  - 3:20:07 PM] Indexing started.
[Info  - 3:20:08 PM] Indexing ended. 2 files indexed in 1s.
[Info  - 3:20:17 PM] Indexing started.
[Info  - 3:20:17 PM] Indexing ended. 3 files indexed in 0s.
[Info  - 3:20:23 PM] Indexing started.
[Info  - 3:20:23 PM] Indexing ended. 3 files indexed in 0s.
[Info  - 3:20:25 PM] Indexing started.
[Info  - 3:20:25 PM] Indexing ended. 3 files indexed in 0s.
[Info  - 3:20:32 PM] Indexing started.
[Info  - 3:20:33 PM] Indexing ended. 2 files indexed in 0s.
[Info  - 3:20:34 PM] Indexing started.
[Info  - 3:20:34 PM] Indexing ended. 2 files indexed in 0s.
[Info  - 3:20:35 PM] Indexing started.
[Info  - 3:20:35 PM] Indexing ended. 2 files indexed in 0s.
[Info  - 3:20:41 PM] Indexing started.
[Info  - 3:20:42 PM] Indexing ended. 2 files indexed in 0s.
[Info  - 3:21:07 PM] Indexing started.
[Info  - 3:21:07 PM] Indexing ended. 4 files indexed in 0s.
[Info  - 3:21:07 PM] Indexing started.
[Info  - 3:21:07 PM] Indexing ended. 1 files indexed in 0s.
[Info  - 3:21:25 PM] Indexing started.
[Info  - 3:21:26 PM] Indexing ended. 1 files indexed in 0s.
[Info  - 3:21:57 PM] Indexing started.
[Info  - 3:21:57 PM] Indexing ended. 3 files indexed in 0s.
[Info  - 3:22:26 PM] Indexing started.
[Info  - 3:22:26 PM] Indexing ended. 3 files indexed in 0s.
[Info  - 3:22:27 PM] Indexing started.
[Info  - 3:22:27 PM] Indexing ended. 3 files indexed in 0s.
[Info  - 3:22:32 PM] Indexing started.
[Info  - 3:22:32 PM] Indexing ended. 3 files indexed in 0s.
[Info  - 3:22:37 PM] Indexing started.
[Info  - 3:22:37 PM] Indexing ended. 3 files indexed in 0s.
[Info  - 3:22:38 PM] Indexing started.
[Info  - 3:22:39 PM] Indexing ended. 3 files indexed in 0s.
[Info  - 3:22:43 PM] Indexing started.
[Info  - 3:22:43 PM] Indexing ended. 3 files indexed in 0s.
[Info  - 3:23:25 PM] Indexing started.
[Info  - 3:23:25 PM] Indexing ended. 3 files indexed in 0s.
[Info  - 3:23:51 PM] Indexing started.
[Info  - 3:23:51 PM] Indexing ended. 4 files indexed in 0s.
[Info  - 3:23:54 PM] Indexing started.
[Info  - 3:23:54 PM] Indexing ended. 3 files indexed in 0s.
[Info  - 3:24:44 PM] Indexing started.
[Info  - 3:24:45 PM] Indexing ended. 4 files indexed in 0s.
[Info  - 3:25:12 PM] Indexing started.
[Info  - 3:25:12 PM] Indexing ended. 3 files indexed in 0s.
[Info  - 3:28:11 PM] Indexing started.
[Info  - 3:28:11 PM] Indexing ended. 3 files indexed in 0s.
[Info  - 3:28:37 PM] Indexing started.
[Info  - 3:28:37 PM] Indexing ended. 3 files indexed in 0s.
[Info  - 3:28:48 PM] Indexing started.
[Info  - 3:28:48 PM] Indexing ended. 1 files indexed in 0s.
[Info  - 3:28:53 PM] Indexing started.
[Info  - 3:28:53 PM] Indexing ended. 3 files indexed in 0s.
[Info  - 3:29:08 PM] Indexing started.
[Info  - 3:29:08 PM] Indexing ended. 3 files indexed in 0s.
[Info  - 3:29:16 PM] Indexing started.
[Info  - 3:29:16 PM] Indexing ended. 3 files indexed in 0s.
[Info  - 3:29:19 PM] Indexing started.
[Info  - 3:29:19 PM] Indexing ended. 3 files indexed in 0s.
[Info  - 3:38:39 PM] Indexing started.
[Info  - 3:38:39 PM] Indexing ended. 1 files indexed in 0s.
[Info  - 3:38:47 PM] Indexing started.
[Info  - 3:38:48 PM] Indexing ended. 1 files indexed in 0s.
[Info  - 3:38:50 PM] Indexing started.
[Info  - 3:38:50 PM] Indexing ended. 1 files indexed in 0s.
[Info  - 3:39:13 PM] Indexing started.
[Info  - 3:39:13 PM] Indexing ended. 1 files indexed in 0s.
[Info  - 3:39:16 PM] Indexing started.
[Info  - 3:39:16 PM] Indexing ended. 1 files indexed in 0s.
[Info  - 3:39:24 PM] Indexing started.
[Info  - 3:39:24 PM] Indexing ended. 1 files indexed in 0s.
[Info  - 3:39:25 PM] Indexing started.
[Info  - 3:39:25 PM] Indexing ended. 1 files indexed in 0s.
[Info  - 3:39:29 PM] Indexing started.
[Info  - 3:39:29 PM] Indexing ended. 1 files indexed in 0s.
[Info  - 3:39:33 PM] Indexing started.
[Info  - 3:39:34 PM] Indexing ended. 1 files indexed in 0s.
[Info  - 3:39:35 PM] Indexing started.
[Info  - 3:39:35 PM] Indexing ended. 1 files indexed in 0s.
[Info  - 3:39:41 PM] Indexing started.
[Info  - 3:39:42 PM] Indexing ended. 1 files indexed in 0s.
[Info  - 3:40:02 PM] Indexing started.
[Info  - 3:40:02 PM] Indexing ended. 1 files indexed in 0s.
[Info  - 3:40:10 PM] Indexing started.
[Info  - 3:40:10 PM] Indexing ended. 1 files indexed in 0s.
[Info  - 3:40:11 PM] Indexing started.
[Info  - 3:40:11 PM] Indexing ended. 1 files indexed in 0s.
[Info  - 3:40:12 PM] Indexing started.
[Info  - 3:40:12 PM] Indexing ended. 1 files indexed in 0s.
[Info  - 3:40:19 PM] Indexing started.
[Info  - 3:40:19 PM] Indexing ended. 1 files indexed in 0s.
[Info  - 3:40:20 PM] Indexing started.
[Info  - 3:40:20 PM] Indexing ended. 1 files indexed in 0s.
[Info  - 3:40:22 PM] Indexing started.
[Info  - 3:40:22 PM] Indexing ended. 1 files indexed in 0s.
[Info  - 3:40:27 PM] Indexing started.
[Info  - 3:40:27 PM] Indexing ended. 1 files indexed in 0s.
[Info  - 3:40:27 PM] Indexing started.
[Info  - 3:40:28 PM] Indexing ended. 1 files indexed in 0s.
[Info  - 3:40:29 PM] Indexing started.
[Info  - 3:40:29 PM] Indexing ended. 1 files indexed in 0s.
[Info  - 3:40:31 PM] Indexing started.
[Info  - 3:40:31 PM] Indexing ended. 1 files indexed in 0s.
[Info  - 3:40:41 PM] Indexing started.
[Info  - 3:40:41 PM] Indexing ended. 1 files indexed in 0s.
[Info  - 3:41:33 PM] Indexing started.
[Info  - 3:41:33 PM] Indexing ended. 2 files indexed in 0s.
[Info  - 3:41:34 PM] Indexing started.
[Info  - 3:41:34 PM] Indexing ended. 2 files indexed in 0s.
[Info  - 3:41:35 PM] Indexing started.
[Info  - 3:41:35 PM] Indexing ended. 2 files indexed in 0s.
[Info  - 3:41:41 PM] Indexing started.
[Info  - 3:41:41 PM] Indexing ended. 2 files indexed in 0s.
[Info  - 3:41:42 PM] Indexing started.
[Info  - 3:41:42 PM] Indexing ended. 1 files indexed in 0s.
[Info  - 3:41:50 PM] Indexing started.
[Info  - 3:41:51 PM] Indexing ended. 2 files indexed in 0s.
[Info  - 3:41:59 PM] Indexing started.
[Info  - 3:41:59 PM] Indexing ended. 2 files indexed in 0s.
[Info  - 3:42:00 PM] Indexing started.
[Info  - 3:42:00 PM] Indexing ended. 2 files indexed in 0s.
[Info  - 3:42:15 PM] Indexing started.
[Info  - 3:42:15 PM] Indexing ended. 2 files indexed in 0s.
[Info  - 3:42:17 PM] Indexing started.
[Info  - 3:42:17 PM] Indexing ended. 2 files indexed in 0s.
[Info  - 3:42:24 PM] Indexing started.
[Info  - 3:42:24 PM] Indexing ended. 2 files indexed in 0s.
[Info  - 3:42:43 PM] Indexing started.
[Info  - 3:42:44 PM] Indexing ended. 1 files indexed in 0s.
[Info  - 3:42:56 PM] Indexing started.
[Info  - 3:42:57 PM] Indexing ended. 2 files indexed in 0s.
[Info  - 3:43:01 PM] Indexing started.
[Info  - 3:43:01 PM] Indexing ended. 2 files indexed in 0s.
[Info  - 3:43:05 PM] Indexing started.
[Info  - 3:43:05 PM] Indexing ended. 2 files indexed in 0s.
[Info  - 3:43:15 PM] Indexing started.
[Info  - 3:43:15 PM] Indexing ended. 2 files indexed in 0s.
[Info  - 3:43:46 PM] Indexing started.
[Info  - 3:43:47 PM] Indexing ended. 3 files indexed in 0s.
[Info  - 3:48:25 PM] Indexing started.
[Info  - 3:48:25 PM] Indexing ended. 1 files indexed in 0s.
[Info  - 3:48:32 PM] Indexing started.
[Info  - 3:48:32 PM] Indexing ended. 1 files indexed in 0s.
[Info  - 3:48:47 PM] Indexing started.
[Info  - 3:48:47 PM] Indexing ended. 3 files indexed in 0s.
[Info  - 3:49:14 PM] Indexing started.
[Info  - 3:49:14 PM] Indexing ended. 6 files indexed in 0s.
[Info  - 3:49:15 PM] Indexing started.
[Info  - 3:49:15 PM] Indexing ended. 5 files indexed in 0s.
[Info  - 3:49:23 PM] Indexing started.
[Info  - 3:49:23 PM] Indexing ended. 4 files indexed in 0s.
[Info  - 3:50:00 PM] Indexing started.
[Info  - 3:50:01 PM] Indexing ended. 4 files indexed in 0s.
[Info  - 3:50:01 PM] Indexing started.
[Info  - 3:50:01 PM] Indexing ended. 1 files indexed in 0s.
[Info  - 3:50:06 PM] Indexing started.
[Info  - 3:50:06 PM] Indexing ended. 4 files indexed in 0s.
[Info  - 3:50:14 PM] Indexing started.
[Info  - 3:50:14 PM] Indexing ended. 4 files indexed in 0s.
[Info  - 3:50:14 PM] Indexing started.
[Info  - 3:50:14 PM] Indexing ended. 3 files indexed in 0s.
[Info  - 3:50:16 PM] Indexing started.
[Info  - 3:50:17 PM] Indexing ended. 4 files indexed in 0s.
[Info  - 3:50:17 PM] Indexing started.
[Info  - 3:50:17 PM] Indexing ended. 1 files indexed in 0s.
[Info  - 3:50:18 PM] Indexing started.
[Info  - 3:50:18 PM] Indexing ended. 2 files indexed in 0s.
[Info  - 3:50:23 PM] Indexing started.
[Info  - 3:50:23 PM] Indexing ended. 4 files indexed in 0s.
[Info  - 3:50:24 PM] Indexing started.
[Info  - 3:50:24 PM] Indexing ended. 1 files indexed in 0s.
[Info  - 3:50:30 PM] Indexing started.
[Info  - 3:50:31 PM] Indexing ended. 7 files indexed in 0s.
[Info  - 3:50:32 PM] Indexing started.
[Info  - 3:50:32 PM] Indexing ended. 6 files indexed in 0s.
[Info  - 3:50:33 PM] Indexing started.
[Info  - 3:50:33 PM] Indexing ended. 2 files indexed in 0s.
[Info  - 3:50:34 PM] Indexing started.
[Info  - 3:50:34 PM] Indexing ended. 2 files indexed in 0s.
[Info  - 3:50:39 PM] Indexing started.
[Info  - 3:50:39 PM] Indexing ended. 4 files indexed in 0s.
[Info  - 3:50:48 PM] Indexing started.
[Info  - 3:50:48 PM] Indexing ended. 3 files indexed in 0s.
[Info  - 3:50:48 PM] Indexing started.
[Info  - 3:50:48 PM] Indexing ended. 1 files indexed in 0s.
[Info  - 3:50:56 PM] Indexing started.
[Info  - 3:50:56 PM] Indexing ended. 3 files indexed in 0s.
[Info  - 3:50:56 PM] Indexing started.
[Info  - 3:50:57 PM] Indexing ended. 1 files indexed in 0s.
[Info  - 3:51:07 PM] Indexing started.
[Info  - 3:51:07 PM] Indexing ended. 3 files indexed in 0s.
[Info  - 3:51:12 PM] Indexing started.
[Info  - 3:51:16 PM] Indexing ended. 5 files indexed in 0s.
[Info  - 3:51:17 PM] Indexing started.
[Info  - 3:51:17 PM] Indexing ended. 3 files indexed in 0s.
[Info  - 3:51:22 PM] Indexing started.
[Info  - 3:51:25 PM] Indexing ended. 5 files indexed in 0s.
[Info  - 3:51:26 PM] Indexing started.
[Info  - 3:51:26 PM] Indexing ended. 3 files indexed in 0s.
[Info  - 3:51:27 PM] Indexing started.
[Info  - 3:51:27 PM] Indexing ended. 1 files indexed in 0s.
[Info  - 3:51:27 PM] Indexing started.
[Info  - 3:51:27 PM] Indexing ended. 2 files indexed in 0s.
[Info  - 3:51:43 PM] Indexing started.
[Info  - 3:51:44 PM] Indexing ended. 2 files indexed in 0s.
[Info  - 3:51:44 PM] Indexing started.
[Info  - 3:51:44 PM] Indexing ended. 2 files indexed in 0s.
[Info  - 3:51:47 PM] Indexing started.
[Info  - 3:51:47 PM] Indexing ended. 2 files indexed in 0s.
[Info  - 3:51:54 PM] Indexing started.
[Info  - 3:51:54 PM] Indexing ended. 2 files indexed in 0s.
[Info  - 3:52:04 PM] Indexing started.
[Info  - 3:52:05 PM] Indexing ended. 4 files indexed in 0s.
[Info  - 3:52:18 PM] Indexing started.
[Info  - 3:52:18 PM] Indexing ended. 1 files indexed in 0s.
[Info  - 3:52:41 PM] Indexing started.
[Info  - 3:52:41 PM] Indexing ended. 5 files indexed in 0s.
[Info  - 3:52:43 PM] Indexing started.
[Info  - 3:52:44 PM] Indexing ended. 3 files indexed in 0s.
[Info  - 3:52:46 PM] Indexing started.
[Info  - 3:52:46 PM] Indexing ended. 1 files indexed in 0s.
[Info  - 3:54:19 PM] Indexing started.
[Info  - 3:54:19 PM] Indexing ended. 3 files indexed in 0s.
[Info  - 3:54:22 PM] Indexing started.
[Info  - 3:54:22 PM] Indexing ended. 3 files indexed in 0s.
[Info  - 3:54:22 PM] Indexing started.
[Info  - 3:54:22 PM] Indexing ended. 1 files indexed in 0s.
[Info  - 3:54:27 PM] Indexing started.
[Info  - 3:54:27 PM] Indexing ended. 2 files indexed in 0s.
[Info  - 3:54:31 PM] Indexing started.
[Info  - 3:54:31 PM] Indexing ended. 2 files indexed in 0s.
[Info  - 3:54:32 PM] Indexing started.
[Info  - 3:54:32 PM] Indexing ended. 3 files indexed in 0s.
[Info  - 3:54:34 PM] Indexing started.
[Info  - 3:54:35 PM] Indexing ended. 6 files indexed in 0s.
[Info  - 3:54:35 PM] Indexing started.
[Info  - 3:54:36 PM] Indexing ended. 3 files indexed in 0s.
[Info  - 3:54:43 PM] Indexing started.
[Info  - 3:54:44 PM] Indexing ended. 4 files indexed in 0s.
[Info  - 3:54:45 PM] Indexing started.
[Info  - 3:54:45 PM] Indexing ended. 2 files indexed in 0s.
[Info  - 3:54:45 PM] Indexing started.
[Info  - 3:54:46 PM] Indexing ended. 1 files indexed in 0s.
[Info  - 3:54:48 PM] Indexing started.
[Info  - 3:54:48 PM] Indexing ended. 1 files indexed in 0s.
[Info  - 3:54:49 PM] Indexing started.
[Info  - 3:54:54 PM] Indexing ended. 2 files indexed in 0s.
[Info  - 3:54:54 PM] Indexing started.
[Info  - 3:54:54 PM] Indexing ended. 1 files indexed in 0s.
[Info  - 3:55:19 PM] Indexing started.
[Info  - 3:55:20 PM] Indexing ended. 4 files indexed in 0s.
[Info  - 3:56:06 PM] Indexing started.
[Info  - 3:56:06 PM] Indexing ended. 3 files indexed in 0s.
[Info  - 3:56:11 PM] Indexing started.
[Info  - 3:56:11 PM] Indexing ended. 5 files indexed in 0s.
